loading 9-1
loading 2-2
loading 4-7
loading 9-7
loading 1-8
loading 4-6
loading 2-7
loading 8-4
loading 7-2
loading 10-3
loading 2-4
loading 7-4
loading 3-4
loading 5-4
loading 8-7
loading 7-7
loading 4-4
loading 1-3
loading 7-1
loading 5-2
loading 6-4
loading 9-8
loading 9-5
loading 6-3
loading 10-8
loading 1-6
loading 3-5
loading 2-6
loading 3-8
loading 3-6
loading 4-8
loading 7-8
loading 5-1
loading 2-8
loading 8-2
loading 1-5
loading 7-3
loading 10-2
loading 5-5
loading 9-2
loading 5-6
loading 1-7
loading 8-3
loading 4-1
loading 4-2
loading 1-4
loading 6-5
loading 4-3
loading 5-7
loading 3-3
loading 2-3
loading 9-3
loading 10-5
loading 3-2
loading 3-7
loading 9-6
loading 4-5
loading 1-2
loading 10-7
loading 1-1
loading 6-1
loading 6-6
loading 9-4
loading 10-4
loading 8-5
loading 5-3
loading 10-6
loading 2-5
loading 6-2
loading 3-1
loading 8-8
loading 8-1
loading 8-6
loading 7-6
loading 6-8
loading 7-5
loading 10-1
battery 0, num_cycles 2048, rul@0 2048, last_cycle_SOH 0.7396358566760037
battery 1, num_cycles 2642, rul@0 2642, last_cycle_SOH 0.7395586741363211
battery 2, num_cycles 2207, rul@0 2207, last_cycle_SOH 0.7399212978524744
battery 3, num_cycles 2003, rul@0 2003, last_cycle_SOH 0.7396650910364144
battery 4, num_cycles 2276, rul@0 2276, last_cycle_SOH 0.7396216176470588
battery 5, num_cycles 1371, rul@0 1371, last_cycle_SOH 0.7399143720821663
battery 6, num_cycles 2193, rul@0 2193, last_cycle_SOH 0.7397201447245565
battery 7, num_cycles 1876, rul@0 1876, last_cycle_SOH 0.7399322875816994
battery 8, num_cycles 2021, rul@0 2021, last_cycle_SOH 0.7397503921568627
battery 9, num_cycles 1839, rul@0 1839, last_cycle_SOH 0.7396396195144725
battery 10, num_cycles 1490, rul@0 1490, last_cycle_SOH 0.7399247805788982
battery 11, num_cycles 1384, rul@0 1384, last_cycle_SOH 0.7401910014005602
battery 12, num_cycles 1757, rul@0 1757, last_cycle_SOH 0.739987149859944
battery 13, num_cycles 1953, rul@0 1953, last_cycle_SOH 0.7396064752567694
battery 14, num_cycles 2038, rul@0 2038, last_cycle_SOH 0.739684712885154
battery 15, num_cycles 1676, rul@0 1676, last_cycle_SOH 0.7395575676937441
battery 16, num_cycles 1482, rul@0 1482, last_cycle_SOH 0.7397488702147526
battery 17, num_cycles 1849, rul@0 1849, last_cycle_SOH 0.7399060107376283
battery 18, num_cycles 1681, rul@0 1681, last_cycle_SOH 0.7396316176470588
battery 19, num_cycles 1917, rul@0 1917, last_cycle_SOH 0.7395764682539683
battery 20, num_cycles 1708, rul@0 1708, last_cycle_SOH 0.7399444537815126
battery 21, num_cycles 2299, rul@0 2299, last_cycle_SOH 0.7398492133520076
battery 22, num_cycles 2159, rul@0 2159, last_cycle_SOH 0.7396420308123249
battery 23, num_cycles 1795, rul@0 1795, last_cycle_SOH 0.7397873529411765
battery 24, num_cycles 1391, rul@0 1391, last_cycle_SOH 0.7398051423902894
battery 25, num_cycles 1134, rul@0 1134, last_cycle_SOH 0.739988197945845
battery 26, num_cycles 2648, rul@0 2648, last_cycle_SOH 0.7397021638655462
battery 27, num_cycles 1563, rul@0 1563, last_cycle_SOH 0.7399073996265173
battery 28, num_cycles 2333, rul@0 2333, last_cycle_SOH 0.7395934967320262
battery 29, num_cycles 2482, rul@0 2482, last_cycle_SOH 0.7395111718020541
battery 30, num_cycles 1697, rul@0 1697, last_cycle_SOH 0.7399013842203549
battery 31, num_cycles 1929, rul@0 1929, last_cycle_SOH 0.739887796451914
battery 32, num_cycles 2498, rul@0 2498, last_cycle_SOH 0.7398019747899159
battery 33, num_cycles 1472, rul@0 1472, last_cycle_SOH 0.7395448179271709
battery 34, num_cycles 2032, rul@0 2032, last_cycle_SOH 0.7399909477124182
battery 35, num_cycles 1962, rul@0 1962, last_cycle_SOH 0.7398554761904761
battery 36, num_cycles 1286, rul@0 1286, last_cycle_SOH 0.7395618137254901
battery 37, num_cycles 1688, rul@0 1688, last_cycle_SOH 0.7395316363211951
battery 38, num_cycles 1574, rul@0 1574, last_cycle_SOH 0.7397060877684407
battery 39, num_cycles 2134, rul@0 2134, last_cycle_SOH 0.7396539239028944
battery 40, num_cycles 2451, rul@0 2451, last_cycle_SOH 0.7397966386554622
battery 41, num_cycles 1669, rul@0 1669, last_cycle_SOH 0.739914817927171
battery 42, num_cycles 2281, rul@0 2281, last_cycle_SOH 0.7396272105508871
battery 43, num_cycles 2208, rul@0 2208, last_cycle_SOH 0.7398093767507002
battery 44, num_cycles 1773, rul@0 1773, last_cycle_SOH 0.7397457866479925
battery 45, num_cycles 1491, rul@0 1491, last_cycle_SOH 0.7396836718020541
battery 46, num_cycles 2169, rul@0 2169, last_cycle_SOH 0.7394999603174603
battery 47, num_cycles 1133, rul@0 1133, last_cycle_SOH 0.7395923926237162
battery 48, num_cycles 1439, rul@0 1439, last_cycle_SOH 0.7396975070028011
battery 49, num_cycles 1640, rul@0 1640, last_cycle_SOH 0.739644824929972
battery 50, num_cycles 1742, rul@0 1742, last_cycle_SOH 0.7398676914098973
battery 51, num_cycles 1896, rul@0 1896, last_cycle_SOH 0.7396853758169935
battery 52, num_cycles 2021, rul@0 2021, last_cycle_SOH 0.7400079995331466
battery 53, num_cycles 2274, rul@0 2274, last_cycle_SOH 0.7395124159663865
battery 54, num_cycles 2470, rul@0 2470, last_cycle_SOH 0.7397009663865546
loading 9-1
loading 2-2
loading 4-7
loading 9-7
loading 1-8
loading 4-6
loading 2-7
loading 8-4
loading 7-2
loading 10-3
loading 2-4
loading 7-4
loading 3-4
loading 5-4
loading 8-7
loading 7-7
loading 4-4
loading 1-3
loading 7-1
loading 5-2
loading 6-4
loading 9-8
loading 9-5
loading 6-3
loading 10-8
loading 1-6
loading 3-5
loading 2-6
loading 3-8
loading 3-6
loading 4-8
loading 7-8
loading 5-1
loading 2-8
loading 8-2
loading 1-5
loading 7-3
loading 10-2
loading 5-5
loading 9-2
loading 5-6
loading 1-7
loading 8-3
loading 4-1
loading 4-2
loading 1-4
loading 6-5
loading 4-3
loading 5-7
loading 3-3
loading 2-3
loading 9-3
loading 10-5
loading 3-2
loading 3-7
loading 9-6
loading 4-5
loading 1-2
loading 10-7
loading 1-1
loading 6-1
loading 6-6
loading 9-4
loading 10-4
loading 8-5
loading 5-3
loading 10-6
loading 2-5
loading 6-2
loading 3-1
loading 8-8
loading 8-1
loading 8-6
loading 7-6
loading 6-8
loading 7-5
loading 10-1
battery 0, num_cycles 1733, rul@0 1733, last_cycle_SOH 0.73968279178338
battery 1, num_cycles 1552, rul@0 1552, last_cycle_SOH 0.7395401377217554
battery 2, num_cycles 2669, rul@0 2669, last_cycle_SOH 0.7395585037348272
battery 3, num_cycles 1774, rul@0 1774, last_cycle_SOH 0.7399799929971989
battery 4, num_cycles 1495, rul@0 1495, last_cycle_SOH 0.739844824929972
battery 5, num_cycles 1600, rul@0 1600, last_cycle_SOH 0.7396212138188609
battery 6, num_cycles 2459, rul@0 2459, last_cycle_SOH 0.7397839402427637
battery 7, num_cycles 1966, rul@0 1966, last_cycle_SOH 0.7400125163398693
battery 8, num_cycles 1802, rul@0 1802, last_cycle_SOH 0.7397308006535948
battery 9, num_cycles 1339, rul@0 1339, last_cycle_SOH 0.7396863632119514
battery 10, num_cycles 2680, rul@0 2680, last_cycle_SOH 0.7395090592903828
battery 11, num_cycles 2276, rul@0 2276, last_cycle_SOH 0.739822261904762
battery 12, num_cycles 1377, rul@0 1377, last_cycle_SOH 0.7397326517273576
battery 13, num_cycles 1899, rul@0 1899, last_cycle_SOH 0.739847383286648
battery 14, num_cycles 1929, rul@0 1929, last_cycle_SOH 0.739721276844071
battery 15, num_cycles 1670, rul@0 1670, last_cycle_SOH 0.7399397175536881
battery 16, num_cycles 1299, rul@0 1299, last_cycle_SOH 0.739569183006536
battery 17, num_cycles 2356, rul@0 2356, last_cycle_SOH 0.7395931442577032
battery 18, num_cycles 1410, rul@0 1410, last_cycle_SOH 0.7397257516339869
battery 19, num_cycles 2441, rul@0 2441, last_cycle_SOH 0.7398103991596638
battery 20, num_cycles 1866, rul@0 1866, last_cycle_SOH 0.7399200373482726
battery 21, num_cycles 1693, rul@0 1693, last_cycle_SOH 0.7396695915032679
xx torch.Size([64, 128])
tensor([[1.0000, 0.9544, 0.9998,  ..., 0.9228, 0.9697, 0.9503],
        [0.9544, 1.0000, 0.9554,  ..., 0.9558, 0.9848, 0.9994],
        [0.9998, 0.9554, 1.0000,  ..., 0.9233, 0.9705, 0.9513],
        ...,
        [0.9228, 0.9558, 0.9233,  ..., 1.0000, 0.9732, 0.9591],
        [0.9697, 0.9848, 0.9705,  ..., 0.9732, 1.0000, 0.9853],
        [0.9503, 0.9994, 0.9513,  ..., 0.9591, 0.9853, 1.0000]],
       grad_fn=<ClampBackward1>)
xx torch.Size([64, 128])
tensor([[1.0000, 0.9947, 0.9959,  ..., 0.9960, 0.9985, 0.9968],
        [0.9947, 1.0000, 0.9987,  ..., 0.9989, 0.9973, 0.9996],
        [0.9959, 0.9987, 1.0000,  ..., 0.9999, 0.9981, 0.9990],
        ...,
        [0.9960, 0.9989, 0.9999,  ..., 1.0000, 0.9981, 0.9992],
        [0.9985, 0.9973, 0.9981,  ..., 0.9981, 1.0000, 0.9982],
        [0.9968, 0.9996, 0.9990,  ..., 0.9992, 0.9982, 1.0000]],
       grad_fn=<ClampBackward1>)
xx torch.Size([64, 128])
tensor([[1.0000, 0.9970, 0.9979,  ..., 0.9995, 0.9993, 0.9980],
        [0.9970, 1.0000, 0.9999,  ..., 0.9982, 0.9983, 0.9996],
        [0.9979, 0.9999, 1.0000,  ..., 0.9989, 0.9990, 0.9998],
        ...,
        [0.9995, 0.9982, 0.9989,  ..., 1.0000, 1.0000, 0.9990],
        [0.9993, 0.9983, 0.9990,  ..., 1.0000, 1.0000, 0.9991],
        [0.9980, 0.9996, 0.9998,  ..., 0.9990, 0.9991, 1.0000]],
       grad_fn=<ClampBackward1>)
xx torch.Size([64, 128])
tensor([[1.0000, 0.9996, 0.9996,  ..., 0.9998, 0.9997, 0.9991],
        [0.9996, 1.0000, 0.9995,  ..., 0.9999, 0.9991, 0.9986],
        [0.9996, 0.9995, 1.0000,  ..., 0.9996, 0.9998, 0.9997],
        ...,
        [0.9998, 0.9999, 0.9996,  ..., 1.0000, 0.9994, 0.9988],
        [0.9997, 0.9991, 0.9998,  ..., 0.9994, 1.0000, 0.9998],
        [0.9991, 0.9986, 0.9997,  ..., 0.9988, 0.9998, 1.0000]],
       grad_fn=<ClampBackward1>)
xx torch.Size([64, 128])
tensor([[1.0000, 0.9998, 0.9992,  ..., 0.9991, 0.9997, 0.9997],
        [0.9998, 1.0000, 0.9987,  ..., 0.9985, 0.9999, 0.9998],
        [0.9992, 0.9987, 1.0000,  ..., 0.9999, 0.9984, 0.9981],
        ...,
        [0.9991, 0.9985, 0.9999,  ..., 1.0000, 0.9982, 0.9979],
        [0.9997, 0.9999, 0.9984,  ..., 0.9982, 1.0000, 0.9999],
        [0.9997, 0.9998, 0.9981,  ..., 0.9979, 0.9999, 1.0000]],
       grad_fn=<ClampBackward1>)
xx torch.Size([64, 128])
tensor([[1.0000, 0.9998, 0.9996,  ..., 0.9980, 0.9999, 0.9997],
        [0.9998, 1.0000, 0.9998,  ..., 0.9989, 0.9997, 1.0000],
        [0.9996, 0.9998, 1.0000,  ..., 0.9989, 0.9993, 0.9998],
        ...,
        [0.9980, 0.9989, 0.9989,  ..., 1.0000, 0.9978, 0.9991],
        [0.9999, 0.9997, 0.9993,  ..., 0.9978, 1.0000, 0.9996],
        [0.9997, 1.0000, 0.9998,  ..., 0.9991, 0.9996, 1.0000]],
       grad_fn=<ClampBackward1>)
xx torch.Size([64, 128])
tensor([[1.0000, 0.9999, 0.9998,  ..., 0.9998, 1.0000, 0.9999],
        [0.9999, 1.0000, 1.0000,  ..., 0.9995, 1.0000, 1.0000],
        [0.9998, 1.0000, 1.0000,  ..., 0.9995, 0.9999, 0.9999],
        ...,
        [0.9998, 0.9995, 0.9995,  ..., 1.0000, 0.9997, 0.9997],
        [1.0000, 1.0000, 0.9999,  ..., 0.9997, 1.0000, 1.0000],
        [0.9999, 1.0000, 0.9999,  ..., 0.9997, 1.0000, 1.0000]],
       grad_fn=<ClampBackward1>)
xx torch.Size([64, 128])
tensor([[1.0000, 0.9998, 0.9999,  ..., 0.9995, 0.9996, 0.9998],
        [0.9998, 1.0000, 1.0000,  ..., 0.9998, 0.9999, 1.0000],
        [0.9999, 1.0000, 1.0000,  ..., 0.9997, 0.9999, 1.0000],
        ...,
        [0.9995, 0.9998, 0.9997,  ..., 1.0000, 1.0000, 0.9999],
        [0.9996, 0.9999, 0.9999,  ..., 1.0000, 1.0000, 1.0000],
        [0.9998, 1.0000, 1.0000,  ..., 0.9999, 1.0000, 1.0000]],
       grad_fn=<ClampBackward1>)
xx torch.Size([64, 128])
tensor([[1.0000, 1.0000, 0.9994,  ..., 0.9991, 0.9995, 0.9998],
        [1.0000, 1.0000, 0.9995,  ..., 0.9994, 0.9997, 0.9999],
        [0.9994, 0.9995, 1.0000,  ..., 1.0000, 1.0000, 0.9998],
        ...,
        [0.9991, 0.9994, 1.0000,  ..., 1.0000, 0.9999, 0.9997],
        [0.9995, 0.9997, 1.0000,  ..., 0.9999, 1.0000, 0.9999],
        [0.9998, 0.9999, 0.9998,  ..., 0.9997, 0.9999, 1.0000]],
       grad_fn=<ClampBackward1>)
xx torch.Size([64, 128])
tensor([[1.0000, 0.9998, 0.9999,  ..., 0.9999, 0.9999, 0.9999],
        [0.9998, 1.0000, 0.9999,  ..., 1.0000, 0.9999, 0.9999],
        [0.9999, 0.9999, 1.0000,  ..., 0.9999, 1.0000, 1.0000],
        ...,
        [0.9999, 1.0000, 0.9999,  ..., 1.0000, 0.9999, 0.9999],
        [0.9999, 0.9999, 1.0000,  ..., 0.9999, 1.0000, 1.0000],
        [0.9999, 0.9999, 1.0000,  ..., 0.9999, 1.0000, 1.0000]],
       grad_fn=<ClampBackward1>)
xx torch.Size([64, 128])
tensor([[1.0000, 0.9999, 1.0000,  ..., 0.9999, 0.9998, 0.9999],
        [0.9999, 1.0000, 1.0000,  ..., 1.0000, 1.0000, 0.9998],
        [1.0000, 1.0000, 1.0000,  ..., 1.0000, 0.9999, 0.9999],
        ...,
        [0.9999, 1.0000, 1.0000,  ..., 1.0000, 0.9999, 0.9999],
        [0.9998, 1.0000, 0.9999,  ..., 0.9999, 1.0000, 0.9997],
        [0.9999, 0.9998, 0.9999,  ..., 0.9999, 0.9997, 1.0000]],
       grad_fn=<ClampBackward1>)
xx torch.Size([64, 128])
tensor([[1.0000, 0.9999, 1.0000,  ..., 1.0000, 1.0000, 0.9999],
        [0.9999, 1.0000, 0.9998,  ..., 0.9999, 0.9998, 0.9999],
        [1.0000, 0.9998, 1.0000,  ..., 1.0000, 1.0000, 0.9999],
        ...,
        [1.0000, 0.9999, 1.0000,  ..., 1.0000, 1.0000, 0.9999],
        [1.0000, 0.9998, 1.0000,  ..., 1.0000, 1.0000, 0.9998],
        [0.9999, 0.9999, 0.9999,  ..., 0.9999, 0.9998, 1.0000]],
       grad_fn=<ClampBackward1>)
xx torch.Size([64, 128])
tensor([[1.0000, 1.0000, 0.9999,  ..., 1.0000, 1.0000, 1.0000],
        [1.0000, 1.0000, 1.0000,  ..., 1.0000, 1.0000, 1.0000],
        [0.9999, 1.0000, 1.0000,  ..., 0.9999, 0.9999, 1.0000],
        ...,
        [1.0000, 1.0000, 0.9999,  ..., 1.0000, 1.0000, 1.0000],
        [1.0000, 1.0000, 0.9999,  ..., 1.0000, 1.0000, 1.0000],
        [1.0000, 1.0000, 1.0000,  ..., 1.0000, 1.0000, 1.0000]],
       grad_fn=<ClampBackward1>)
xx torch.Size([64, 128])
tensor([[1.0000, 1.0000, 0.9999,  ..., 0.9999, 0.9999, 1.0000],
        [1.0000, 1.0000, 0.9999,  ..., 0.9999, 1.0000, 1.0000],
        [0.9999, 0.9999, 1.0000,  ..., 1.0000, 0.9999, 1.0000],
        ...,
        [0.9999, 0.9999, 1.0000,  ..., 1.0000, 0.9999, 1.0000],
        [0.9999, 1.0000, 0.9999,  ..., 0.9999, 1.0000, 1.0000],
        [1.0000, 1.0000, 1.0000,  ..., 1.0000, 1.0000, 1.0000]],
       grad_fn=<ClampBackward1>)
xx torch.Size([64, 128])
tensor([[1.0000, 1.0000, 1.0000,  ..., 0.9997, 0.9999, 0.9999],
        [1.0000, 1.0000, 1.0000,  ..., 0.9998, 0.9999, 0.9999],
        [1.0000, 1.0000, 1.0000,  ..., 0.9997, 0.9999, 0.9999],
        ...,
        [0.9997, 0.9998, 0.9997,  ..., 1.0000, 0.9999, 0.9999],
        [0.9999, 0.9999, 0.9999,  ..., 0.9999, 1.0000, 1.0000],
        [0.9999, 0.9999, 0.9999,  ..., 0.9999, 1.0000, 1.0000]],
       grad_fn=<ClampBackward1>)
xx torch.Size([64, 128])
tensor([[1.0000, 1.0000, 1.0000,  ..., 0.9998, 0.9999, 1.0000],
        [1.0000, 1.0000, 1.0000,  ..., 0.9999, 0.9999, 1.0000],
        [1.0000, 1.0000, 1.0000,  ..., 0.9999, 0.9999, 1.0000],
        ...,
        [0.9998, 0.9999, 0.9999,  ..., 1.0000, 0.9997, 0.9999],
        [0.9999, 0.9999, 0.9999,  ..., 0.9997, 1.0000, 0.9999],
        [1.0000, 1.0000, 1.0000,  ..., 0.9999, 0.9999, 1.0000]],
       grad_fn=<ClampBackward1>)
xx torch.Size([64, 128])
tensor([[1.0000, 0.9999, 1.0000,  ..., 0.9999, 0.9999, 1.0000],
        [0.9999, 1.0000, 0.9998,  ..., 0.9999, 0.9999, 0.9999],
        [1.0000, 0.9998, 1.0000,  ..., 0.9998, 0.9998, 1.0000],
        ...,
        [0.9999, 0.9999, 0.9998,  ..., 1.0000, 1.0000, 0.9999],
        [0.9999, 0.9999, 0.9998,  ..., 1.0000, 1.0000, 0.9999],
        [1.0000, 0.9999, 1.0000,  ..., 0.9999, 0.9999, 1.0000]],
       grad_fn=<ClampBackward1>)
xx torch.Size([64, 128])
tensor([[1.0000, 0.9999, 1.0000,  ..., 1.0000, 0.9999, 1.0000],
        [0.9999, 1.0000, 1.0000,  ..., 0.9999, 1.0000, 0.9999],
        [1.0000, 1.0000, 1.0000,  ..., 0.9999, 1.0000, 0.9999],
        ...,
        [1.0000, 0.9999, 0.9999,  ..., 1.0000, 0.9999, 1.0000],
        [0.9999, 1.0000, 1.0000,  ..., 0.9999, 1.0000, 0.9999],
        [1.0000, 0.9999, 0.9999,  ..., 1.0000, 0.9999, 1.0000]],
       grad_fn=<ClampBackward1>)
xx torch.Size([64, 128])
tensor([[1.0000, 0.9999, 1.0000,  ..., 0.9999, 1.0000, 0.9999],
        [0.9999, 1.0000, 0.9999,  ..., 1.0000, 0.9999, 1.0000],
        [1.0000, 0.9999, 1.0000,  ..., 0.9999, 1.0000, 0.9999],
        ...,
        [0.9999, 1.0000, 0.9999,  ..., 1.0000, 0.9999, 1.0000],
        [1.0000, 0.9999, 1.0000,  ..., 0.9999, 1.0000, 0.9999],
        [0.9999, 1.0000, 0.9999,  ..., 1.0000, 0.9999, 1.0000]],
       grad_fn=<ClampBackward1>)
xx torch.Size([64, 128])
tensor([[1.0000, 1.0000, 0.9999,  ..., 1.0000, 1.0000, 1.0000],
        [1.0000, 1.0000, 1.0000,  ..., 1.0000, 0.9999, 1.0000],
        [0.9999, 1.0000, 1.0000,  ..., 1.0000, 0.9999, 1.0000],
        ...,
        [1.0000, 1.0000, 1.0000,  ..., 1.0000, 1.0000, 1.0000],
        [1.0000, 0.9999, 0.9999,  ..., 1.0000, 1.0000, 1.0000],
        [1.0000, 1.0000, 1.0000,  ..., 1.0000, 1.0000, 1.0000]],
       grad_fn=<ClampBackward1>)
xx torch.Size([64, 128])
tensor([[1.0000, 1.0000, 1.0000,  ..., 1.0000, 1.0000, 1.0000],
        [1.0000, 1.0000, 1.0000,  ..., 1.0000, 1.0000, 1.0000],
        [1.0000, 1.0000, 1.0000,  ..., 1.0000, 1.0000, 1.0000],
        ...,
        [1.0000, 1.0000, 1.0000,  ..., 1.0000, 1.0000, 1.0000],
        [1.0000, 1.0000, 1.0000,  ..., 1.0000, 1.0000, 1.0000],
        [1.0000, 1.0000, 1.0000,  ..., 1.0000, 1.0000, 1.0000]],
       grad_fn=<ClampBackward1>)
xx torch.Size([64, 128])
tensor([[1.0000, 1.0000, 1.0000,  ..., 1.0000, 1.0000, 1.0000],
        [1.0000, 1.0000, 1.0000,  ..., 0.9999, 1.0000, 1.0000],
        [1.0000, 1.0000, 1.0000,  ..., 0.9999, 1.0000, 1.0000],
        ...,
        [1.0000, 0.9999, 0.9999,  ..., 1.0000, 1.0000, 0.9999],
        [1.0000, 1.0000, 1.0000,  ..., 1.0000, 1.0000, 1.0000],
        [1.0000, 1.0000, 1.0000,  ..., 0.9999, 1.0000, 1.0000]],
       grad_fn=<ClampBackward1>)
xx torch.Size([64, 128])
tensor([[1.0000, 0.9999, 1.0000,  ..., 0.9999, 1.0000, 1.0000],
        [0.9999, 1.0000, 1.0000,  ..., 1.0000, 1.0000, 1.0000],
        [1.0000, 1.0000, 1.0000,  ..., 1.0000, 1.0000, 1.0000],
        ...,
        [0.9999, 1.0000, 1.0000,  ..., 1.0000, 1.0000, 1.0000],
        [1.0000, 1.0000, 1.0000,  ..., 1.0000, 1.0000, 1.0000],
        [1.0000, 1.0000, 1.0000,  ..., 1.0000, 1.0000, 1.0000]],
       grad_fn=<ClampBackward1>)
xx torch.Size([64, 128])
tensor([[1.0000, 1.0000, 1.0000,  ..., 1.0000, 1.0000, 1.0000],
        [1.0000, 1.0000, 1.0000,  ..., 0.9999, 1.0000, 1.0000],
        [1.0000, 1.0000, 1.0000,  ..., 1.0000, 1.0000, 1.0000],
        ...,
        [1.0000, 0.9999, 1.0000,  ..., 1.0000, 1.0000, 1.0000],
        [1.0000, 1.0000, 1.0000,  ..., 1.0000, 1.0000, 1.0000],
        [1.0000, 1.0000, 1.0000,  ..., 1.0000, 1.0000, 1.0000]],
       grad_fn=<ClampBackward1>)
xx torch.Size([64, 128])
tensor([[1.0000, 0.9999, 1.0000,  ..., 1.0000, 1.0000, 1.0000],
        [0.9999, 1.0000, 1.0000,  ..., 0.9999, 0.9999, 1.0000],
        [1.0000, 1.0000, 1.0000,  ..., 1.0000, 1.0000, 1.0000],
        ...,
        [1.0000, 0.9999, 1.0000,  ..., 1.0000, 1.0000, 1.0000],
        [1.0000, 0.9999, 1.0000,  ..., 1.0000, 1.0000, 1.0000],
        [1.0000, 1.0000, 1.0000,  ..., 1.0000, 1.0000, 1.0000]],
       grad_fn=<ClampBackward1>)
xx torch.Size([64, 128])
tensor([[1.0000, 1.0000, 0.9999,  ..., 1.0000, 1.0000, 1.0000],
        [1.0000, 1.0000, 1.0000,  ..., 1.0000, 1.0000, 1.0000],
        [0.9999, 1.0000, 1.0000,  ..., 1.0000, 1.0000, 1.0000],
        ...,
        [1.0000, 1.0000, 1.0000,  ..., 1.0000, 1.0000, 1.0000],
        [1.0000, 1.0000, 1.0000,  ..., 1.0000, 1.0000, 1.0000],
        [1.0000, 1.0000, 1.0000,  ..., 1.0000, 1.0000, 1.0000]],
       grad_fn=<ClampBackward1>)
xx torch.Size([64, 128])
tensor([[1.0000, 1.0000, 1.0000,  ..., 1.0000, 1.0000, 1.0000],
        [1.0000, 1.0000, 1.0000,  ..., 1.0000, 1.0000, 1.0000],
        [1.0000, 1.0000, 1.0000,  ..., 1.0000, 1.0000, 1.0000],
        ...,
        [1.0000, 1.0000, 1.0000,  ..., 1.0000, 1.0000, 1.0000],
        [1.0000, 1.0000, 1.0000,  ..., 1.0000, 1.0000, 1.0000],
        [1.0000, 1.0000, 1.0000,  ..., 1.0000, 1.0000, 1.0000]],
       grad_fn=<ClampBackward1>)
xx torch.Size([64, 128])
tensor([[1.0000, 1.0000, 1.0000,  ..., 1.0000, 1.0000, 1.0000],
        [1.0000, 1.0000, 1.0000,  ..., 1.0000, 1.0000, 1.0000],
        [1.0000, 1.0000, 1.0000,  ..., 1.0000, 1.0000, 1.0000],
        ...,
        [1.0000, 1.0000, 1.0000,  ..., 1.0000, 1.0000, 1.0000],
        [1.0000, 1.0000, 1.0000,  ..., 1.0000, 1.0000, 1.0000],
        [1.0000, 1.0000, 1.0000,  ..., 1.0000, 1.0000, 1.0000]],
       grad_fn=<ClampBackward1>)
xx torch.Size([64, 128])
tensor([[1.0000, 1.0000, 1.0000,  ..., 1.0000, 1.0000, 1.0000],
        [1.0000, 1.0000, 1.0000,  ..., 1.0000, 1.0000, 1.0000],
        [1.0000, 1.0000, 1.0000,  ..., 1.0000, 1.0000, 1.0000],
        ...,
        [1.0000, 1.0000, 1.0000,  ..., 1.0000, 1.0000, 1.0000],
        [1.0000, 1.0000, 1.0000,  ..., 1.0000, 1.0000, 1.0000],
        [1.0000, 1.0000, 1.0000,  ..., 1.0000, 1.0000, 1.0000]],
       grad_fn=<ClampBackward1>)
xx torch.Size([64, 128])
tensor([[1.0000, 1.0000, 1.0000,  ..., 1.0000, 1.0000, 1.0000],
        [1.0000, 1.0000, 1.0000,  ..., 1.0000, 1.0000, 1.0000],
        [1.0000, 1.0000, 1.0000,  ..., 1.0000, 1.0000, 1.0000],
        ...,
        [1.0000, 1.0000, 1.0000,  ..., 1.0000, 1.0000, 1.0000],
        [1.0000, 1.0000, 1.0000,  ..., 1.0000, 1.0000, 1.0000],
        [1.0000, 1.0000, 1.0000,  ..., 1.0000, 1.0000, 1.0000]],
       grad_fn=<ClampBackward1>)
xx torch.Size([64, 128])
tensor([[1.0000, 1.0000, 1.0000,  ..., 1.0000, 1.0000, 1.0000],
        [1.0000, 1.0000, 1.0000,  ..., 1.0000, 1.0000, 1.0000],
        [1.0000, 1.0000, 1.0000,  ..., 1.0000, 1.0000, 1.0000],
        ...,
        [1.0000, 1.0000, 1.0000,  ..., 1.0000, 1.0000, 1.0000],
        [1.0000, 1.0000, 1.0000,  ..., 1.0000, 1.0000, 1.0000],
        [1.0000, 1.0000, 1.0000,  ..., 1.0000, 1.0000, 1.0000]],
       grad_fn=<ClampBackward1>)
xx torch.Size([64, 128])
tensor([[1.0000, 1.0000, 1.0000,  ..., 1.0000, 1.0000, 1.0000],
        [1.0000, 1.0000, 1.0000,  ..., 1.0000, 1.0000, 1.0000],
        [1.0000, 1.0000, 1.0000,  ..., 1.0000, 1.0000, 1.0000],
        ...,
        [1.0000, 1.0000, 1.0000,  ..., 1.0000, 1.0000, 1.0000],
        [1.0000, 1.0000, 1.0000,  ..., 1.0000, 1.0000, 1.0000],
        [1.0000, 1.0000, 1.0000,  ..., 1.0000, 1.0000, 1.0000]],
       grad_fn=<ClampBackward1>)
xx torch.Size([64, 128])
tensor([[1.0000, 1.0000, 1.0000,  ..., 1.0000, 1.0000, 1.0000],
        [1.0000, 1.0000, 1.0000,  ..., 1.0000, 1.0000, 1.0000],
        [1.0000, 1.0000, 1.0000,  ..., 1.0000, 1.0000, 1.0000],
        ...,
        [1.0000, 1.0000, 1.0000,  ..., 1.0000, 1.0000, 1.0000],
        [1.0000, 1.0000, 1.0000,  ..., 1.0000, 1.0000, 1.0000],
        [1.0000, 1.0000, 1.0000,  ..., 1.0000, 1.0000, 1.0000]],
       grad_fn=<ClampBackward1>)
xx torch.Size([64, 128])
tensor([[1.0000, 1.0000, 1.0000,  ..., 1.0000, 1.0000, 1.0000],
        [1.0000, 1.0000, 1.0000,  ..., 1.0000, 1.0000, 1.0000],
        [1.0000, 1.0000, 1.0000,  ..., 1.0000, 1.0000, 1.0000],
        ...,
        [1.0000, 1.0000, 1.0000,  ..., 1.0000, 1.0000, 1.0000],
        [1.0000, 1.0000, 1.0000,  ..., 1.0000, 1.0000, 1.0000],
        [1.0000, 1.0000, 1.0000,  ..., 1.0000, 1.0000, 1.0000]],
       grad_fn=<ClampBackward1>)
xx torch.Size([64, 128])
tensor([[1.0000, 1.0000, 1.0000,  ..., 1.0000, 1.0000, 1.0000],
        [1.0000, 1.0000, 1.0000,  ..., 1.0000, 1.0000, 1.0000],
        [1.0000, 1.0000, 1.0000,  ..., 1.0000, 1.0000, 1.0000],
        ...,
        [1.0000, 1.0000, 1.0000,  ..., 1.0000, 1.0000, 1.0000],
        [1.0000, 1.0000, 1.0000,  ..., 1.0000, 1.0000, 1.0000],
        [1.0000, 1.0000, 1.0000,  ..., 1.0000, 1.0000, 1.0000]],
       grad_fn=<ClampBackward1>)
xx torch.Size([64, 128])
tensor([[1.0000, 1.0000, 1.0000,  ..., 1.0000, 1.0000, 1.0000],
        [1.0000, 1.0000, 1.0000,  ..., 1.0000, 1.0000, 1.0000],
        [1.0000, 1.0000, 1.0000,  ..., 1.0000, 1.0000, 1.0000],
        ...,
        [1.0000, 1.0000, 1.0000,  ..., 1.0000, 1.0000, 1.0000],
        [1.0000, 1.0000, 1.0000,  ..., 1.0000, 1.0000, 1.0000],
        [1.0000, 1.0000, 1.0000,  ..., 1.0000, 1.0000, 1.0000]],
       grad_fn=<ClampBackward1>)
xx torch.Size([64, 128])
tensor([[1.0000, 1.0000, 1.0000,  ..., 1.0000, 1.0000, 1.0000],
        [1.0000, 1.0000, 1.0000,  ..., 1.0000, 1.0000, 1.0000],
        [1.0000, 1.0000, 1.0000,  ..., 1.0000, 1.0000, 1.0000],
        ...,
        [1.0000, 1.0000, 1.0000,  ..., 1.0000, 1.0000, 1.0000],
        [1.0000, 1.0000, 1.0000,  ..., 1.0000, 1.0000, 1.0000],
        [1.0000, 1.0000, 1.0000,  ..., 1.0000, 1.0000, 1.0000]],
       grad_fn=<ClampBackward1>)
xx torch.Size([64, 128])
tensor([[1.0000, 1.0000, 1.0000,  ..., 1.0000, 1.0000, 1.0000],
        [1.0000, 1.0000, 1.0000,  ..., 1.0000, 1.0000, 1.0000],
        [1.0000, 1.0000, 1.0000,  ..., 1.0000, 1.0000, 1.0000],
        ...,
        [1.0000, 1.0000, 1.0000,  ..., 1.0000, 1.0000, 1.0000],
        [1.0000, 1.0000, 1.0000,  ..., 1.0000, 1.0000, 1.0000],
        [1.0000, 1.0000, 1.0000,  ..., 1.0000, 1.0000, 1.0000]],
       grad_fn=<ClampBackward1>)
xx torch.Size([64, 128])
tensor([[1.0000, 1.0000, 1.0000,  ..., 1.0000, 1.0000, 1.0000],
        [1.0000, 1.0000, 1.0000,  ..., 1.0000, 1.0000, 1.0000],
        [1.0000, 1.0000, 1.0000,  ..., 1.0000, 1.0000, 1.0000],
        ...,
        [1.0000, 1.0000, 1.0000,  ..., 1.0000, 1.0000, 1.0000],
        [1.0000, 1.0000, 1.0000,  ..., 1.0000, 1.0000, 1.0000],
        [1.0000, 1.0000, 1.0000,  ..., 1.0000, 1.0000, 1.0000]],
       grad_fn=<ClampBackward1>)
xx torch.Size([64, 128])
tensor([[1.0000, 1.0000, 1.0000,  ..., 1.0000, 1.0000, 1.0000],
        [1.0000, 1.0000, 1.0000,  ..., 1.0000, 1.0000, 1.0000],
        [1.0000, 1.0000, 1.0000,  ..., 1.0000, 1.0000, 1.0000],
        ...,
        [1.0000, 1.0000, 1.0000,  ..., 1.0000, 1.0000, 1.0000],
        [1.0000, 1.0000, 1.0000,  ..., 1.0000, 1.0000, 1.0000],
        [1.0000, 1.0000, 1.0000,  ..., 1.0000, 1.0000, 1.0000]],
       grad_fn=<ClampBackward1>)
xx torch.Size([64, 128])
tensor([[1.0000, 1.0000, 1.0000,  ..., 1.0000, 1.0000, 1.0000],
        [1.0000, 1.0000, 1.0000,  ..., 1.0000, 1.0000, 1.0000],
        [1.0000, 1.0000, 1.0000,  ..., 1.0000, 1.0000, 1.0000],
        ...,
        [1.0000, 1.0000, 1.0000,  ..., 1.0000, 1.0000, 1.0000],
        [1.0000, 1.0000, 1.0000,  ..., 1.0000, 1.0000, 1.0000],
        [1.0000, 1.0000, 1.0000,  ..., 1.0000, 1.0000, 1.0000]],
       grad_fn=<ClampBackward1>)
xx torch.Size([64, 128])
tensor([[1.0000, 1.0000, 1.0000,  ..., 1.0000, 1.0000, 1.0000],
        [1.0000, 1.0000, 1.0000,  ..., 1.0000, 1.0000, 1.0000],
        [1.0000, 1.0000, 1.0000,  ..., 1.0000, 1.0000, 1.0000],
        ...,
        [1.0000, 1.0000, 1.0000,  ..., 1.0000, 1.0000, 1.0000],
        [1.0000, 1.0000, 1.0000,  ..., 1.0000, 1.0000, 1.0000],
        [1.0000, 1.0000, 1.0000,  ..., 1.0000, 1.0000, 1.0000]],
       grad_fn=<ClampBackward1>)
xx torch.Size([64, 128])
tensor([[1.0000, 1.0000, 1.0000,  ..., 1.0000, 1.0000, 1.0000],
        [1.0000, 1.0000, 1.0000,  ..., 1.0000, 1.0000, 1.0000],
        [1.0000, 1.0000, 1.0000,  ..., 1.0000, 1.0000, 1.0000],
        ...,
        [1.0000, 1.0000, 1.0000,  ..., 1.0000, 1.0000, 1.0000],
        [1.0000, 1.0000, 1.0000,  ..., 1.0000, 1.0000, 1.0000],
        [1.0000, 1.0000, 1.0000,  ..., 1.0000, 1.0000, 1.0000]],
       grad_fn=<ClampBackward1>)
xx torch.Size([64, 128])
tensor([[1.0000, 1.0000, 1.0000,  ..., 1.0000, 1.0000, 1.0000],
        [1.0000, 1.0000, 1.0000,  ..., 1.0000, 1.0000, 1.0000],
        [1.0000, 1.0000, 1.0000,  ..., 1.0000, 1.0000, 1.0000],
        ...,
        [1.0000, 1.0000, 1.0000,  ..., 1.0000, 1.0000, 1.0000],
        [1.0000, 1.0000, 1.0000,  ..., 1.0000, 1.0000, 1.0000],
        [1.0000, 1.0000, 1.0000,  ..., 1.0000, 1.0000, 1.0000]],
       grad_fn=<ClampBackward1>)
xx torch.Size([64, 128])
tensor([[1.0000, 1.0000, 1.0000,  ..., 1.0000, 1.0000, 1.0000],
        [1.0000, 1.0000, 1.0000,  ..., 1.0000, 1.0000, 1.0000],
        [1.0000, 1.0000, 1.0000,  ..., 1.0000, 1.0000, 1.0000],
        ...,
        [1.0000, 1.0000, 1.0000,  ..., 1.0000, 1.0000, 1.0000],
        [1.0000, 1.0000, 1.0000,  ..., 1.0000, 1.0000, 1.0000],
        [1.0000, 1.0000, 1.0000,  ..., 1.0000, 1.0000, 1.0000]],
       grad_fn=<ClampBackward1>)
xx torch.Size([64, 128])
tensor([[1.0000, 1.0000, 1.0000,  ..., 1.0000, 1.0000, 1.0000],
        [1.0000, 1.0000, 1.0000,  ..., 1.0000, 1.0000, 1.0000],
        [1.0000, 1.0000, 1.0000,  ..., 1.0000, 1.0000, 1.0000],
        ...,
        [1.0000, 1.0000, 1.0000,  ..., 1.0000, 1.0000, 1.0000],
        [1.0000, 1.0000, 1.0000,  ..., 1.0000, 1.0000, 1.0000],
        [1.0000, 1.0000, 1.0000,  ..., 1.0000, 1.0000, 1.0000]],
       grad_fn=<ClampBackward1>)
xx torch.Size([64, 128])
tensor([[1.0000, 1.0000, 1.0000,  ..., 1.0000, 1.0000, 1.0000],
        [1.0000, 1.0000, 1.0000,  ..., 1.0000, 1.0000, 1.0000],
        [1.0000, 1.0000, 1.0000,  ..., 1.0000, 1.0000, 1.0000],
        ...,
        [1.0000, 1.0000, 1.0000,  ..., 1.0000, 1.0000, 1.0000],
        [1.0000, 1.0000, 1.0000,  ..., 1.0000, 1.0000, 1.0000],
        [1.0000, 1.0000, 1.0000,  ..., 1.0000, 1.0000, 1.0000]],
       grad_fn=<ClampBackward1>)
xx torch.Size([64, 128])
tensor([[1.0000, 1.0000, 1.0000,  ..., 1.0000, 1.0000, 1.0000],
        [1.0000, 1.0000, 1.0000,  ..., 1.0000, 1.0000, 1.0000],
        [1.0000, 1.0000, 1.0000,  ..., 1.0000, 1.0000, 1.0000],
        ...,
        [1.0000, 1.0000, 1.0000,  ..., 1.0000, 1.0000, 1.0000],
        [1.0000, 1.0000, 1.0000,  ..., 1.0000, 1.0000, 1.0000],
        [1.0000, 1.0000, 1.0000,  ..., 1.0000, 1.0000, 1.0000]],
       grad_fn=<ClampBackward1>)
xx torch.Size([64, 128])
tensor([[1.0000, 1.0000, 1.0000,  ..., 1.0000, 1.0000, 1.0000],
        [1.0000, 1.0000, 1.0000,  ..., 1.0000, 1.0000, 1.0000],
        [1.0000, 1.0000, 1.0000,  ..., 1.0000, 1.0000, 1.0000],
        ...,
        [1.0000, 1.0000, 1.0000,  ..., 1.0000, 1.0000, 1.0000],
        [1.0000, 1.0000, 1.0000,  ..., 1.0000, 1.0000, 1.0000],
        [1.0000, 1.0000, 1.0000,  ..., 1.0000, 1.0000, 1.0000]],
       grad_fn=<ClampBackward1>)
xx torch.Size([64, 128])
tensor([[1.0000, 1.0000, 1.0000,  ..., 1.0000, 1.0000, 1.0000],
        [1.0000, 1.0000, 1.0000,  ..., 1.0000, 1.0000, 1.0000],
        [1.0000, 1.0000, 1.0000,  ..., 1.0000, 1.0000, 1.0000],
        ...,
        [1.0000, 1.0000, 1.0000,  ..., 1.0000, 1.0000, 1.0000],
        [1.0000, 1.0000, 1.0000,  ..., 1.0000, 1.0000, 1.0000],
        [1.0000, 1.0000, 1.0000,  ..., 1.0000, 1.0000, 1.0000]],
       grad_fn=<ClampBackward1>)
xx torch.Size([64, 128])
tensor([[1.0000, 1.0000, 1.0000,  ..., 1.0000, 1.0000, 1.0000],
        [1.0000, 1.0000, 1.0000,  ..., 1.0000, 1.0000, 1.0000],
        [1.0000, 1.0000, 1.0000,  ..., 1.0000, 1.0000, 1.0000],
        ...,
        [1.0000, 1.0000, 1.0000,  ..., 1.0000, 1.0000, 1.0000],
        [1.0000, 1.0000, 1.0000,  ..., 1.0000, 1.0000, 1.0000],
        [1.0000, 1.0000, 1.0000,  ..., 1.0000, 1.0000, 1.0000]],
       grad_fn=<ClampBackward1>)
xx torch.Size([64, 128])
tensor([[1.0000, 1.0000, 1.0000,  ..., 1.0000, 1.0000, 1.0000],
        [1.0000, 1.0000, 1.0000,  ..., 1.0000, 1.0000, 1.0000],
        [1.0000, 1.0000, 1.0000,  ..., 1.0000, 1.0000, 1.0000],
        ...,
        [1.0000, 1.0000, 1.0000,  ..., 1.0000, 1.0000, 1.0000],
        [1.0000, 1.0000, 1.0000,  ..., 1.0000, 1.0000, 1.0000],
        [1.0000, 1.0000, 1.0000,  ..., 1.0000, 1.0000, 1.0000]],
       grad_fn=<ClampBackward1>)
xx torch.Size([64, 128])
tensor([[1.0000, 1.0000, 1.0000,  ..., 1.0000, 1.0000, 1.0000],
        [1.0000, 1.0000, 1.0000,  ..., 1.0000, 1.0000, 1.0000],
        [1.0000, 1.0000, 1.0000,  ..., 1.0000, 1.0000, 1.0000],
        ...,
        [1.0000, 1.0000, 1.0000,  ..., 1.0000, 1.0000, 1.0000],
        [1.0000, 1.0000, 1.0000,  ..., 1.0000, 1.0000, 1.0000],
        [1.0000, 1.0000, 1.0000,  ..., 1.0000, 1.0000, 1.0000]],
       grad_fn=<ClampBackward1>)
xx torch.Size([64, 128])
tensor([[1.0000, 1.0000, 1.0000,  ..., 1.0000, 1.0000, 1.0000],
        [1.0000, 1.0000, 1.0000,  ..., 1.0000, 1.0000, 1.0000],
        [1.0000, 1.0000, 1.0000,  ..., 1.0000, 1.0000, 1.0000],
        ...,
        [1.0000, 1.0000, 1.0000,  ..., 1.0000, 1.0000, 1.0000],
        [1.0000, 1.0000, 1.0000,  ..., 1.0000, 1.0000, 1.0000],
        [1.0000, 1.0000, 1.0000,  ..., 1.0000, 1.0000, 1.0000]],
       grad_fn=<ClampBackward1>)
xx torch.Size([64, 128])
tensor([[1.0000, 1.0000, 1.0000,  ..., 1.0000, 1.0000, 1.0000],
        [1.0000, 1.0000, 1.0000,  ..., 1.0000, 1.0000, 1.0000],
        [1.0000, 1.0000, 1.0000,  ..., 1.0000, 1.0000, 1.0000],
        ...,
        [1.0000, 1.0000, 1.0000,  ..., 1.0000, 1.0000, 1.0000],
        [1.0000, 1.0000, 1.0000,  ..., 1.0000, 1.0000, 1.0000],
        [1.0000, 1.0000, 1.0000,  ..., 1.0000, 1.0000, 1.0000]],
       grad_fn=<ClampBackward1>)
xx torch.Size([64, 128])
tensor([[1.0000, 1.0000, 1.0000,  ..., 1.0000, 1.0000, 1.0000],
        [1.0000, 1.0000, 1.0000,  ..., 1.0000, 1.0000, 1.0000],
        [1.0000, 1.0000, 1.0000,  ..., 1.0000, 1.0000, 1.0000],
        ...,
        [1.0000, 1.0000, 1.0000,  ..., 1.0000, 1.0000, 1.0000],
        [1.0000, 1.0000, 1.0000,  ..., 1.0000, 1.0000, 1.0000],
        [1.0000, 1.0000, 1.0000,  ..., 1.0000, 1.0000, 1.0000]],
       grad_fn=<ClampBackward1>)
xx torch.Size([64, 128])
tensor([[1.0000, 1.0000, 1.0000,  ..., 1.0000, 1.0000, 1.0000],
        [1.0000, 1.0000, 1.0000,  ..., 1.0000, 1.0000, 1.0000],
        [1.0000, 1.0000, 1.0000,  ..., 1.0000, 1.0000, 1.0000],
        ...,
        [1.0000, 1.0000, 1.0000,  ..., 1.0000, 1.0000, 1.0000],
        [1.0000, 1.0000, 1.0000,  ..., 1.0000, 1.0000, 1.0000],
        [1.0000, 1.0000, 1.0000,  ..., 1.0000, 1.0000, 1.0000]],
       grad_fn=<ClampBackward1>)
xx torch.Size([64, 128])
tensor([[1.0000, 1.0000, 1.0000,  ..., 1.0000, 1.0000, 1.0000],
        [1.0000, 1.0000, 1.0000,  ..., 1.0000, 1.0000, 1.0000],
        [1.0000, 1.0000, 1.0000,  ..., 1.0000, 1.0000, 1.0000],
        ...,
        [1.0000, 1.0000, 1.0000,  ..., 1.0000, 1.0000, 1.0000],
        [1.0000, 1.0000, 1.0000,  ..., 1.0000, 1.0000, 1.0000],
        [1.0000, 1.0000, 1.0000,  ..., 1.0000, 1.0000, 1.0000]],
       grad_fn=<ClampBackward1>)
xx torch.Size([64, 128])
tensor([[1.0000, 1.0000, 1.0000,  ..., 1.0000, 1.0000, 1.0000],
        [1.0000, 1.0000, 1.0000,  ..., 1.0000, 1.0000, 1.0000],
        [1.0000, 1.0000, 1.0000,  ..., 1.0000, 1.0000, 1.0000],
        ...,
        [1.0000, 1.0000, 1.0000,  ..., 1.0000, 1.0000, 1.0000],
        [1.0000, 1.0000, 1.0000,  ..., 1.0000, 1.0000, 1.0000],
        [1.0000, 1.0000, 1.0000,  ..., 1.0000, 1.0000, 1.0000]],
       grad_fn=<ClampBackward1>)
xx torch.Size([64, 128])
tensor([[1.0000, 1.0000, 1.0000,  ..., 1.0000, 1.0000, 1.0000],
        [1.0000, 1.0000, 0.9999,  ..., 1.0000, 1.0000, 1.0000],
        [1.0000, 0.9999, 1.0000,  ..., 1.0000, 1.0000, 0.9999],
        ...,
        [1.0000, 1.0000, 1.0000,  ..., 1.0000, 1.0000, 1.0000],
        [1.0000, 1.0000, 1.0000,  ..., 1.0000, 1.0000, 1.0000],
        [1.0000, 1.0000, 0.9999,  ..., 1.0000, 1.0000, 1.0000]],
       grad_fn=<ClampBackward1>)
xx torch.Size([64, 128])
tensor([[1.0000, 1.0000, 1.0000,  ..., 1.0000, 1.0000, 1.0000],
        [1.0000, 1.0000, 1.0000,  ..., 1.0000, 1.0000, 1.0000],
        [1.0000, 1.0000, 1.0000,  ..., 1.0000, 1.0000, 1.0000],
        ...,
        [1.0000, 1.0000, 1.0000,  ..., 1.0000, 1.0000, 1.0000],
        [1.0000, 1.0000, 1.0000,  ..., 1.0000, 1.0000, 1.0000],
        [1.0000, 1.0000, 1.0000,  ..., 1.0000, 1.0000, 1.0000]],
       grad_fn=<ClampBackward1>)
xx torch.Size([64, 128])
tensor([[1.0000, 1.0000, 1.0000,  ..., 1.0000, 1.0000, 1.0000],
        [1.0000, 1.0000, 1.0000,  ..., 1.0000, 1.0000, 1.0000],
        [1.0000, 1.0000, 1.0000,  ..., 1.0000, 1.0000, 1.0000],
        ...,
        [1.0000, 1.0000, 1.0000,  ..., 1.0000, 1.0000, 1.0000],
        [1.0000, 1.0000, 1.0000,  ..., 1.0000, 1.0000, 1.0000],
        [1.0000, 1.0000, 1.0000,  ..., 1.0000, 1.0000, 1.0000]],
       grad_fn=<ClampBackward1>)
xx torch.Size([64, 128])
tensor([[1.0000, 1.0000, 1.0000,  ..., 1.0000, 1.0000, 1.0000],
        [1.0000, 1.0000, 1.0000,  ..., 0.9999, 1.0000, 1.0000],
        [1.0000, 1.0000, 1.0000,  ..., 1.0000, 1.0000, 1.0000],
        ...,
        [1.0000, 0.9999, 1.0000,  ..., 1.0000, 1.0000, 0.9999],
        [1.0000, 1.0000, 1.0000,  ..., 1.0000, 1.0000, 1.0000],
        [1.0000, 1.0000, 1.0000,  ..., 0.9999, 1.0000, 1.0000]],
       grad_fn=<ClampBackward1>)
xx torch.Size([64, 128])
tensor([[1.0000, 1.0000, 1.0000,  ..., 1.0000, 1.0000, 1.0000],
        [1.0000, 1.0000, 1.0000,  ..., 1.0000, 1.0000, 1.0000],
        [1.0000, 1.0000, 1.0000,  ..., 1.0000, 1.0000, 1.0000],
        ...,
        [1.0000, 1.0000, 1.0000,  ..., 1.0000, 1.0000, 1.0000],
        [1.0000, 1.0000, 1.0000,  ..., 1.0000, 1.0000, 1.0000],
        [1.0000, 1.0000, 1.0000,  ..., 1.0000, 1.0000, 1.0000]],
       grad_fn=<ClampBackward1>)
xx torch.Size([64, 128])
tensor([[1.0000, 1.0000, 1.0000,  ..., 1.0000, 1.0000, 1.0000],
        [1.0000, 1.0000, 1.0000,  ..., 1.0000, 1.0000, 1.0000],
        [1.0000, 1.0000, 1.0000,  ..., 1.0000, 1.0000, 1.0000],
        ...,
        [1.0000, 1.0000, 1.0000,  ..., 1.0000, 1.0000, 1.0000],
        [1.0000, 1.0000, 1.0000,  ..., 1.0000, 1.0000, 1.0000],
        [1.0000, 1.0000, 1.0000,  ..., 1.0000, 1.0000, 1.0000]],
       grad_fn=<ClampBackward1>)
xx torch.Size([64, 128])
tensor([[1.0000, 1.0000, 1.0000,  ..., 1.0000, 1.0000, 1.0000],
        [1.0000, 1.0000, 1.0000,  ..., 1.0000, 1.0000, 1.0000],
        [1.0000, 1.0000, 1.0000,  ..., 1.0000, 1.0000, 1.0000],
        ...,
        [1.0000, 1.0000, 1.0000,  ..., 1.0000, 1.0000, 1.0000],
        [1.0000, 1.0000, 1.0000,  ..., 1.0000, 1.0000, 1.0000],
        [1.0000, 1.0000, 1.0000,  ..., 1.0000, 1.0000, 1.0000]],
       grad_fn=<ClampBackward1>)
xx torch.Size([64, 128])
tensor([[1.0000, 1.0000, 1.0000,  ..., 1.0000, 1.0000, 1.0000],
        [1.0000, 1.0000, 1.0000,  ..., 1.0000, 1.0000, 1.0000],
        [1.0000, 1.0000, 1.0000,  ..., 1.0000, 1.0000, 1.0000],
        ...,
        [1.0000, 1.0000, 1.0000,  ..., 1.0000, 1.0000, 1.0000],
        [1.0000, 1.0000, 1.0000,  ..., 1.0000, 1.0000, 1.0000],
        [1.0000, 1.0000, 1.0000,  ..., 1.0000, 1.0000, 1.0000]],
       grad_fn=<ClampBackward1>)
xx torch.Size([64, 128])
tensor([[1.0000, 1.0000, 1.0000,  ..., 1.0000, 1.0000, 1.0000],
        [1.0000, 1.0000, 1.0000,  ..., 1.0000, 1.0000, 1.0000],
        [1.0000, 1.0000, 1.0000,  ..., 1.0000, 1.0000, 1.0000],
        ...,
        [1.0000, 1.0000, 1.0000,  ..., 1.0000, 1.0000, 1.0000],
        [1.0000, 1.0000, 1.0000,  ..., 1.0000, 1.0000, 1.0000],
        [1.0000, 1.0000, 1.0000,  ..., 1.0000, 1.0000, 1.0000]],
       grad_fn=<ClampBackward1>)
xx torch.Size([64, 128])
tensor([[1.0000, 1.0000, 1.0000,  ..., 1.0000, 1.0000, 1.0000],
        [1.0000, 1.0000, 1.0000,  ..., 1.0000, 1.0000, 1.0000],
        [1.0000, 1.0000, 1.0000,  ..., 1.0000, 1.0000, 1.0000],
        ...,
        [1.0000, 1.0000, 1.0000,  ..., 1.0000, 1.0000, 1.0000],
        [1.0000, 1.0000, 1.0000,  ..., 1.0000, 1.0000, 1.0000],
        [1.0000, 1.0000, 1.0000,  ..., 1.0000, 1.0000, 1.0000]],
       grad_fn=<ClampBackward1>)
xx torch.Size([64, 128])
tensor([[1.0000, 1.0000, 1.0000,  ..., 1.0000, 1.0000, 1.0000],
        [1.0000, 1.0000, 1.0000,  ..., 1.0000, 1.0000, 1.0000],
        [1.0000, 1.0000, 1.0000,  ..., 1.0000, 1.0000, 1.0000],
        ...,
        [1.0000, 1.0000, 1.0000,  ..., 1.0000, 1.0000, 1.0000],
        [1.0000, 1.0000, 1.0000,  ..., 1.0000, 1.0000, 1.0000],
        [1.0000, 1.0000, 1.0000,  ..., 1.0000, 1.0000, 1.0000]],
       grad_fn=<ClampBackward1>)
xx torch.Size([64, 128])
tensor([[1.0000, 1.0000, 1.0000,  ..., 1.0000, 1.0000, 1.0000],
        [1.0000, 1.0000, 1.0000,  ..., 1.0000, 1.0000, 1.0000],
        [1.0000, 1.0000, 1.0000,  ..., 1.0000, 1.0000, 1.0000],
        ...,
        [1.0000, 1.0000, 1.0000,  ..., 1.0000, 1.0000, 1.0000],
        [1.0000, 1.0000, 1.0000,  ..., 1.0000, 1.0000, 1.0000],
        [1.0000, 1.0000, 1.0000,  ..., 1.0000, 1.0000, 1.0000]],
       grad_fn=<ClampBackward1>)
xx torch.Size([64, 128])
tensor([[1.0000, 1.0000, 1.0000,  ..., 1.0000, 1.0000, 1.0000],
        [1.0000, 1.0000, 1.0000,  ..., 1.0000, 1.0000, 1.0000],
        [1.0000, 1.0000, 1.0000,  ..., 1.0000, 1.0000, 1.0000],
        ...,
        [1.0000, 1.0000, 1.0000,  ..., 1.0000, 1.0000, 1.0000],
        [1.0000, 1.0000, 1.0000,  ..., 1.0000, 1.0000, 1.0000],
        [1.0000, 1.0000, 1.0000,  ..., 1.0000, 1.0000, 1.0000]],
       grad_fn=<ClampBackward1>)
xx torch.Size([64, 128])
tensor([[1.0000, 1.0000, 1.0000,  ..., 1.0000, 1.0000, 1.0000],
        [1.0000, 1.0000, 1.0000,  ..., 1.0000, 1.0000, 1.0000],
        [1.0000, 1.0000, 1.0000,  ..., 1.0000, 1.0000, 1.0000],
        ...,
        [1.0000, 1.0000, 1.0000,  ..., 1.0000, 1.0000, 1.0000],
        [1.0000, 1.0000, 1.0000,  ..., 1.0000, 1.0000, 1.0000],
        [1.0000, 1.0000, 1.0000,  ..., 1.0000, 1.0000, 1.0000]],
       grad_fn=<ClampBackward1>)
xx torch.Size([64, 128])
tensor([[1.0000, 1.0000, 1.0000,  ..., 1.0000, 1.0000, 1.0000],
        [1.0000, 1.0000, 1.0000,  ..., 1.0000, 1.0000, 1.0000],
        [1.0000, 1.0000, 1.0000,  ..., 1.0000, 1.0000, 1.0000],
        ...,
        [1.0000, 1.0000, 1.0000,  ..., 1.0000, 1.0000, 1.0000],
        [1.0000, 1.0000, 1.0000,  ..., 1.0000, 1.0000, 1.0000],
        [1.0000, 1.0000, 1.0000,  ..., 1.0000, 1.0000, 1.0000]],
       grad_fn=<ClampBackward1>)
xx torch.Size([64, 128])
tensor([[1.0000, 1.0000, 1.0000,  ..., 1.0000, 1.0000, 1.0000],
        [1.0000, 1.0000, 1.0000,  ..., 1.0000, 1.0000, 1.0000],
        [1.0000, 1.0000, 1.0000,  ..., 1.0000, 1.0000, 1.0000],
        ...,
        [1.0000, 1.0000, 1.0000,  ..., 1.0000, 1.0000, 1.0000],
        [1.0000, 1.0000, 1.0000,  ..., 1.0000, 1.0000, 1.0000],
        [1.0000, 1.0000, 1.0000,  ..., 1.0000, 1.0000, 1.0000]],
       grad_fn=<ClampBackward1>)
xx torch.Size([64, 128])
tensor([[1.0000, 1.0000, 1.0000,  ..., 1.0000, 1.0000, 1.0000],
        [1.0000, 1.0000, 1.0000,  ..., 1.0000, 1.0000, 1.0000],
        [1.0000, 1.0000, 1.0000,  ..., 1.0000, 1.0000, 1.0000],
        ...,
        [1.0000, 1.0000, 1.0000,  ..., 1.0000, 1.0000, 1.0000],
        [1.0000, 1.0000, 1.0000,  ..., 1.0000, 1.0000, 1.0000],
        [1.0000, 1.0000, 1.0000,  ..., 1.0000, 1.0000, 1.0000]],
       grad_fn=<ClampBackward1>)
xx torch.Size([64, 128])
tensor([[1.0000, 1.0000, 1.0000,  ..., 1.0000, 1.0000, 1.0000],
        [1.0000, 1.0000, 1.0000,  ..., 1.0000, 1.0000, 1.0000],
        [1.0000, 1.0000, 1.0000,  ..., 1.0000, 1.0000, 1.0000],
        ...,
        [1.0000, 1.0000, 1.0000,  ..., 1.0000, 1.0000, 1.0000],
        [1.0000, 1.0000, 1.0000,  ..., 1.0000, 1.0000, 1.0000],
        [1.0000, 1.0000, 1.0000,  ..., 1.0000, 1.0000, 1.0000]],
       grad_fn=<ClampBackward1>)
xx torch.Size([64, 128])
tensor([[1.0000, 1.0000, 1.0000,  ..., 1.0000, 1.0000, 1.0000],
        [1.0000, 1.0000, 1.0000,  ..., 1.0000, 1.0000, 1.0000],
        [1.0000, 1.0000, 1.0000,  ..., 1.0000, 1.0000, 1.0000],
        ...,
        [1.0000, 1.0000, 1.0000,  ..., 1.0000, 1.0000, 1.0000],
        [1.0000, 1.0000, 1.0000,  ..., 1.0000, 1.0000, 1.0000],
        [1.0000, 1.0000, 1.0000,  ..., 1.0000, 1.0000, 1.0000]],
       grad_fn=<ClampBackward1>)
xx torch.Size([64, 128])
tensor([[1.0000, 1.0000, 1.0000,  ..., 1.0000, 1.0000, 1.0000],
        [1.0000, 1.0000, 1.0000,  ..., 1.0000, 1.0000, 1.0000],
        [1.0000, 1.0000, 1.0000,  ..., 1.0000, 1.0000, 1.0000],
        ...,
        [1.0000, 1.0000, 1.0000,  ..., 1.0000, 1.0000, 1.0000],
        [1.0000, 1.0000, 1.0000,  ..., 1.0000, 1.0000, 1.0000],
        [1.0000, 1.0000, 1.0000,  ..., 1.0000, 1.0000, 1.0000]],
       grad_fn=<ClampBackward1>)
xx torch.Size([64, 128])
tensor([[1.0000, 1.0000, 1.0000,  ..., 1.0000, 1.0000, 1.0000],
        [1.0000, 1.0000, 1.0000,  ..., 1.0000, 1.0000, 1.0000],
        [1.0000, 1.0000, 1.0000,  ..., 1.0000, 1.0000, 1.0000],
        ...,
        [1.0000, 1.0000, 1.0000,  ..., 1.0000, 1.0000, 1.0000],
        [1.0000, 1.0000, 1.0000,  ..., 1.0000, 1.0000, 1.0000],
        [1.0000, 1.0000, 1.0000,  ..., 1.0000, 1.0000, 1.0000]],
       grad_fn=<ClampBackward1>)
xx torch.Size([64, 128])
tensor([[1.0000, 1.0000, 1.0000,  ..., 1.0000, 1.0000, 1.0000],
        [1.0000, 1.0000, 1.0000,  ..., 1.0000, 1.0000, 1.0000],
        [1.0000, 1.0000, 1.0000,  ..., 1.0000, 1.0000, 1.0000],
        ...,
        [1.0000, 1.0000, 1.0000,  ..., 1.0000, 1.0000, 1.0000],
        [1.0000, 1.0000, 1.0000,  ..., 1.0000, 1.0000, 1.0000],
        [1.0000, 1.0000, 1.0000,  ..., 1.0000, 1.0000, 1.0000]],
       grad_fn=<ClampBackward1>)
xx torch.Size([64, 128])
tensor([[1.0000, 1.0000, 1.0000,  ..., 1.0000, 1.0000, 1.0000],
        [1.0000, 1.0000, 1.0000,  ..., 1.0000, 1.0000, 1.0000],
        [1.0000, 1.0000, 1.0000,  ..., 1.0000, 1.0000, 1.0000],
        ...,
        [1.0000, 1.0000, 1.0000,  ..., 1.0000, 1.0000, 1.0000],
        [1.0000, 1.0000, 1.0000,  ..., 1.0000, 1.0000, 1.0000],
        [1.0000, 1.0000, 1.0000,  ..., 1.0000, 1.0000, 1.0000]],
       grad_fn=<ClampBackward1>)
xx torch.Size([64, 128])
tensor([[1.0000, 1.0000, 1.0000,  ..., 1.0000, 1.0000, 1.0000],
        [1.0000, 1.0000, 1.0000,  ..., 1.0000, 1.0000, 1.0000],
        [1.0000, 1.0000, 1.0000,  ..., 1.0000, 1.0000, 1.0000],
        ...,
        [1.0000, 1.0000, 1.0000,  ..., 1.0000, 1.0000, 1.0000],
        [1.0000, 1.0000, 1.0000,  ..., 1.0000, 1.0000, 1.0000],
        [1.0000, 1.0000, 1.0000,  ..., 1.0000, 1.0000, 1.0000]],
       grad_fn=<ClampBackward1>)
xx torch.Size([64, 128])
tensor([[1.0000, 1.0000, 1.0000,  ..., 1.0000, 1.0000, 1.0000],
        [1.0000, 1.0000, 1.0000,  ..., 1.0000, 1.0000, 1.0000],
        [1.0000, 1.0000, 1.0000,  ..., 1.0000, 1.0000, 1.0000],
        ...,
        [1.0000, 1.0000, 1.0000,  ..., 1.0000, 1.0000, 1.0000],
        [1.0000, 1.0000, 1.0000,  ..., 1.0000, 1.0000, 1.0000],
        [1.0000, 1.0000, 1.0000,  ..., 1.0000, 1.0000, 1.0000]],
       grad_fn=<ClampBackward1>)
xx torch.Size([64, 128])
tensor([[1.0000, 1.0000, 1.0000,  ..., 1.0000, 1.0000, 1.0000],
        [1.0000, 1.0000, 1.0000,  ..., 1.0000, 1.0000, 1.0000],
        [1.0000, 1.0000, 1.0000,  ..., 1.0000, 1.0000, 1.0000],
        ...,
        [1.0000, 1.0000, 1.0000,  ..., 1.0000, 1.0000, 1.0000],
        [1.0000, 1.0000, 1.0000,  ..., 1.0000, 1.0000, 1.0000],
        [1.0000, 1.0000, 1.0000,  ..., 1.0000, 1.0000, 1.0000]],
       grad_fn=<ClampBackward1>)
xx torch.Size([64, 128])
tensor([[1.0000, 1.0000, 1.0000,  ..., 1.0000, 1.0000, 1.0000],
        [1.0000, 1.0000, 1.0000,  ..., 1.0000, 1.0000, 1.0000],
        [1.0000, 1.0000, 1.0000,  ..., 1.0000, 1.0000, 1.0000],
        ...,
        [1.0000, 1.0000, 1.0000,  ..., 1.0000, 1.0000, 1.0000],
        [1.0000, 1.0000, 1.0000,  ..., 1.0000, 1.0000, 1.0000],
        [1.0000, 1.0000, 1.0000,  ..., 1.0000, 1.0000, 1.0000]],
       grad_fn=<ClampBackward1>)
xx torch.Size([64, 128])
tensor([[1.0000, 1.0000, 1.0000,  ..., 1.0000, 1.0000, 1.0000],
        [1.0000, 1.0000, 1.0000,  ..., 1.0000, 1.0000, 1.0000],
        [1.0000, 1.0000, 1.0000,  ..., 1.0000, 1.0000, 1.0000],
        ...,
        [1.0000, 1.0000, 1.0000,  ..., 1.0000, 1.0000, 1.0000],
        [1.0000, 1.0000, 1.0000,  ..., 1.0000, 1.0000, 1.0000],
        [1.0000, 1.0000, 1.0000,  ..., 1.0000, 1.0000, 1.0000]],
       grad_fn=<ClampBackward1>)
xx torch.Size([64, 128])
tensor([[1.0000, 1.0000, 1.0000,  ..., 1.0000, 1.0000, 1.0000],
        [1.0000, 1.0000, 1.0000,  ..., 1.0000, 1.0000, 1.0000],
        [1.0000, 1.0000, 1.0000,  ..., 1.0000, 1.0000, 1.0000],
        ...,
        [1.0000, 1.0000, 1.0000,  ..., 1.0000, 1.0000, 1.0000],
        [1.0000, 1.0000, 1.0000,  ..., 1.0000, 1.0000, 1.0000],
        [1.0000, 1.0000, 1.0000,  ..., 1.0000, 1.0000, 1.0000]],
       grad_fn=<ClampBackward1>)
xx torch.Size([64, 128])
tensor([[1.0000, 1.0000, 1.0000,  ..., 1.0000, 1.0000, 1.0000],
        [1.0000, 1.0000, 1.0000,  ..., 1.0000, 1.0000, 1.0000],
        [1.0000, 1.0000, 1.0000,  ..., 1.0000, 1.0000, 1.0000],
        ...,
        [1.0000, 1.0000, 1.0000,  ..., 1.0000, 1.0000, 1.0000],
        [1.0000, 1.0000, 1.0000,  ..., 1.0000, 1.0000, 1.0000],
        [1.0000, 1.0000, 1.0000,  ..., 1.0000, 1.0000, 1.0000]],
       grad_fn=<ClampBackward1>)
xx torch.Size([64, 128])
tensor([[1.0000, 1.0000, 1.0000,  ..., 1.0000, 1.0000, 1.0000],
        [1.0000, 1.0000, 1.0000,  ..., 1.0000, 1.0000, 1.0000],
        [1.0000, 1.0000, 1.0000,  ..., 1.0000, 1.0000, 1.0000],
        ...,
        [1.0000, 1.0000, 1.0000,  ..., 1.0000, 1.0000, 1.0000],
        [1.0000, 1.0000, 1.0000,  ..., 1.0000, 1.0000, 1.0000],
        [1.0000, 1.0000, 1.0000,  ..., 1.0000, 1.0000, 1.0000]],
       grad_fn=<ClampBackward1>)
xx torch.Size([64, 128])
tensor([[1.0000, 1.0000, 1.0000,  ..., 1.0000, 1.0000, 1.0000],
        [1.0000, 1.0000, 1.0000,  ..., 1.0000, 1.0000, 1.0000],
        [1.0000, 1.0000, 1.0000,  ..., 1.0000, 1.0000, 1.0000],
        ...,
        [1.0000, 1.0000, 1.0000,  ..., 1.0000, 1.0000, 1.0000],
        [1.0000, 1.0000, 1.0000,  ..., 1.0000, 1.0000, 1.0000],
        [1.0000, 1.0000, 1.0000,  ..., 1.0000, 1.0000, 1.0000]],
       grad_fn=<ClampBackward1>)
xx torch.Size([64, 128])
tensor([[1.0000, 1.0000, 1.0000,  ..., 1.0000, 1.0000, 1.0000],
        [1.0000, 1.0000, 1.0000,  ..., 1.0000, 1.0000, 1.0000],
        [1.0000, 1.0000, 1.0000,  ..., 1.0000, 1.0000, 1.0000],
        ...,
        [1.0000, 1.0000, 1.0000,  ..., 1.0000, 1.0000, 1.0000],
        [1.0000, 1.0000, 1.0000,  ..., 1.0000, 1.0000, 1.0000],
        [1.0000, 1.0000, 1.0000,  ..., 1.0000, 1.0000, 1.0000]],
       grad_fn=<ClampBackward1>)
xx torch.Size([64, 128])
tensor([[1.0000, 1.0000, 1.0000,  ..., 1.0000, 1.0000, 1.0000],
        [1.0000, 1.0000, 1.0000,  ..., 1.0000, 1.0000, 1.0000],
        [1.0000, 1.0000, 1.0000,  ..., 1.0000, 1.0000, 1.0000],
        ...,
        [1.0000, 1.0000, 1.0000,  ..., 1.0000, 1.0000, 1.0000],
        [1.0000, 1.0000, 1.0000,  ..., 1.0000, 1.0000, 1.0000],
        [1.0000, 1.0000, 1.0000,  ..., 1.0000, 1.0000, 1.0000]],
       grad_fn=<ClampBackward1>)
xx torch.Size([64, 128])
tensor([[1.0000, 1.0000, 1.0000,  ..., 1.0000, 1.0000, 1.0000],
        [1.0000, 1.0000, 1.0000,  ..., 1.0000, 1.0000, 1.0000],
        [1.0000, 1.0000, 1.0000,  ..., 1.0000, 1.0000, 1.0000],
        ...,
        [1.0000, 1.0000, 1.0000,  ..., 1.0000, 1.0000, 1.0000],
        [1.0000, 1.0000, 1.0000,  ..., 1.0000, 1.0000, 1.0000],
        [1.0000, 1.0000, 1.0000,  ..., 1.0000, 1.0000, 1.0000]],
       grad_fn=<ClampBackward1>)
xx torch.Size([64, 128])
tensor([[1.0000, 1.0000, 1.0000,  ..., 1.0000, 1.0000, 1.0000],
        [1.0000, 1.0000, 1.0000,  ..., 1.0000, 1.0000, 1.0000],
        [1.0000, 1.0000, 1.0000,  ..., 1.0000, 1.0000, 1.0000],
        ...,
        [1.0000, 1.0000, 1.0000,  ..., 1.0000, 1.0000, 1.0000],
        [1.0000, 1.0000, 1.0000,  ..., 1.0000, 1.0000, 1.0000],
        [1.0000, 1.0000, 1.0000,  ..., 1.0000, 1.0000, 1.0000]],
       grad_fn=<ClampBackward1>)
xx torch.Size([64, 128])
tensor([[1.0000, 1.0000, 1.0000,  ..., 1.0000, 1.0000, 1.0000],
        [1.0000, 1.0000, 1.0000,  ..., 1.0000, 1.0000, 1.0000],
        [1.0000, 1.0000, 1.0000,  ..., 1.0000, 1.0000, 1.0000],
        ...,
        [1.0000, 1.0000, 1.0000,  ..., 1.0000, 1.0000, 1.0000],
        [1.0000, 1.0000, 1.0000,  ..., 1.0000, 1.0000, 1.0000],
        [1.0000, 1.0000, 1.0000,  ..., 1.0000, 1.0000, 1.0000]],
       grad_fn=<ClampBackward1>)
xx torch.Size([64, 128])
tensor([[1.0000, 1.0000, 1.0000,  ..., 1.0000, 1.0000, 1.0000],
        [1.0000, 1.0000, 1.0000,  ..., 1.0000, 1.0000, 1.0000],
        [1.0000, 1.0000, 1.0000,  ..., 1.0000, 1.0000, 1.0000],
        ...,
        [1.0000, 1.0000, 1.0000,  ..., 1.0000, 1.0000, 1.0000],
        [1.0000, 1.0000, 1.0000,  ..., 1.0000, 1.0000, 1.0000],
        [1.0000, 1.0000, 1.0000,  ..., 1.0000, 1.0000, 1.0000]],
       grad_fn=<ClampBackward1>)
xx torch.Size([64, 128])
tensor([[1.0000, 1.0000, 1.0000,  ..., 1.0000, 1.0000, 1.0000],
        [1.0000, 1.0000, 1.0000,  ..., 1.0000, 1.0000, 1.0000],
        [1.0000, 1.0000, 1.0000,  ..., 1.0000, 1.0000, 1.0000],
        ...,
        [1.0000, 1.0000, 1.0000,  ..., 1.0000, 1.0000, 1.0000],
        [1.0000, 1.0000, 1.0000,  ..., 1.0000, 1.0000, 1.0000],
        [1.0000, 1.0000, 1.0000,  ..., 1.0000, 1.0000, 1.0000]],
       grad_fn=<ClampBackward1>)
xx torch.Size([64, 128])
tensor([[1.0000, 1.0000, 1.0000,  ..., 1.0000, 1.0000, 1.0000],
        [1.0000, 1.0000, 1.0000,  ..., 1.0000, 1.0000, 1.0000],
        [1.0000, 1.0000, 1.0000,  ..., 1.0000, 1.0000, 1.0000],
        ...,
        [1.0000, 1.0000, 1.0000,  ..., 1.0000, 1.0000, 1.0000],
        [1.0000, 1.0000, 1.0000,  ..., 1.0000, 1.0000, 1.0000],
        [1.0000, 1.0000, 1.0000,  ..., 1.0000, 1.0000, 1.0000]],
       grad_fn=<ClampBackward1>)
xx torch.Size([64, 128])
tensor([[1.0000, 1.0000, 1.0000,  ..., 1.0000, 1.0000, 1.0000],
        [1.0000, 1.0000, 1.0000,  ..., 1.0000, 1.0000, 1.0000],
        [1.0000, 1.0000, 1.0000,  ..., 1.0000, 1.0000, 1.0000],
        ...,
        [1.0000, 1.0000, 1.0000,  ..., 1.0000, 1.0000, 1.0000],
        [1.0000, 1.0000, 1.0000,  ..., 1.0000, 1.0000, 1.0000],
        [1.0000, 1.0000, 1.0000,  ..., 1.0000, 1.0000, 1.0000]],
       grad_fn=<ClampBackward1>)
xx torch.Size([64, 128])
tensor([[1.0000, 1.0000, 1.0000,  ..., 1.0000, 1.0000, 1.0000],
        [1.0000, 1.0000, 1.0000,  ..., 1.0000, 1.0000, 1.0000],
        [1.0000, 1.0000, 1.0000,  ..., 1.0000, 1.0000, 1.0000],
        ...,
        [1.0000, 1.0000, 1.0000,  ..., 1.0000, 1.0000, 1.0000],
        [1.0000, 1.0000, 1.0000,  ..., 1.0000, 1.0000, 1.0000],
        [1.0000, 1.0000, 1.0000,  ..., 1.0000, 1.0000, 1.0000]],
       grad_fn=<ClampBackward1>)
xx torch.Size([64, 128])
tensor([[1.0000, 1.0000, 1.0000,  ..., 1.0000, 1.0000, 1.0000],
        [1.0000, 1.0000, 1.0000,  ..., 1.0000, 1.0000, 1.0000],
        [1.0000, 1.0000, 1.0000,  ..., 1.0000, 1.0000, 1.0000],
        ...,
        [1.0000, 1.0000, 1.0000,  ..., 1.0000, 1.0000, 1.0000],
        [1.0000, 1.0000, 1.0000,  ..., 1.0000, 1.0000, 1.0000],
        [1.0000, 1.0000, 1.0000,  ..., 1.0000, 1.0000, 1.0000]],
       grad_fn=<ClampBackward1>)
xx torch.Size([64, 128])
tensor([[1.0000, 1.0000, 1.0000,  ..., 1.0000, 1.0000, 1.0000],
        [1.0000, 1.0000, 1.0000,  ..., 1.0000, 1.0000, 1.0000],
        [1.0000, 1.0000, 1.0000,  ..., 1.0000, 1.0000, 1.0000],
        ...,
        [1.0000, 1.0000, 1.0000,  ..., 1.0000, 1.0000, 1.0000],
        [1.0000, 1.0000, 1.0000,  ..., 1.0000, 1.0000, 1.0000],
        [1.0000, 1.0000, 1.0000,  ..., 1.0000, 1.0000, 1.0000]],
       grad_fn=<ClampBackward1>)
xx torch.Size([64, 128])
tensor([[1.0000, 1.0000, 1.0000,  ..., 1.0000, 1.0000, 1.0000],
        [1.0000, 1.0000, 1.0000,  ..., 1.0000, 1.0000, 1.0000],
        [1.0000, 1.0000, 1.0000,  ..., 1.0000, 1.0000, 1.0000],
        ...,
        [1.0000, 1.0000, 1.0000,  ..., 1.0000, 1.0000, 1.0000],
        [1.0000, 1.0000, 1.0000,  ..., 1.0000, 1.0000, 1.0000],
        [1.0000, 1.0000, 1.0000,  ..., 1.0000, 1.0000, 1.0000]],
       grad_fn=<ClampBackward1>)
xx torch.Size([64, 128])
tensor([[1.0000, 1.0000, 1.0000,  ..., 1.0000, 1.0000, 1.0000],
        [1.0000, 1.0000, 1.0000,  ..., 1.0000, 1.0000, 1.0000],
        [1.0000, 1.0000, 1.0000,  ..., 1.0000, 1.0000, 1.0000],
        ...,
        [1.0000, 1.0000, 1.0000,  ..., 1.0000, 1.0000, 1.0000],
        [1.0000, 1.0000, 1.0000,  ..., 1.0000, 1.0000, 1.0000],
        [1.0000, 1.0000, 1.0000,  ..., 1.0000, 1.0000, 1.0000]],
       grad_fn=<ClampBackward1>)
xx torch.Size([64, 128])
tensor([[1.0000, 1.0000, 1.0000,  ..., 1.0000, 1.0000, 1.0000],
        [1.0000, 1.0000, 1.0000,  ..., 1.0000, 1.0000, 1.0000],
        [1.0000, 1.0000, 1.0000,  ..., 1.0000, 1.0000, 1.0000],
        ...,
        [1.0000, 1.0000, 1.0000,  ..., 1.0000, 1.0000, 1.0000],
        [1.0000, 1.0000, 1.0000,  ..., 1.0000, 1.0000, 1.0000],
        [1.0000, 1.0000, 1.0000,  ..., 1.0000, 1.0000, 1.0000]],
       grad_fn=<ClampBackward1>)
xx torch.Size([64, 128])
tensor([[1.0000, 1.0000, 1.0000,  ..., 1.0000, 1.0000, 1.0000],
        [1.0000, 1.0000, 1.0000,  ..., 1.0000, 1.0000, 1.0000],
        [1.0000, 1.0000, 1.0000,  ..., 1.0000, 1.0000, 1.0000],
        ...,
        [1.0000, 1.0000, 1.0000,  ..., 1.0000, 1.0000, 1.0000],
        [1.0000, 1.0000, 1.0000,  ..., 1.0000, 1.0000, 1.0000],
        [1.0000, 1.0000, 1.0000,  ..., 1.0000, 1.0000, 1.0000]],
       grad_fn=<ClampBackward1>)
xx torch.Size([64, 128])
tensor([[1.0000, 1.0000, 1.0000,  ..., 1.0000, 1.0000, 1.0000],
        [1.0000, 1.0000, 1.0000,  ..., 1.0000, 1.0000, 1.0000],
        [1.0000, 1.0000, 1.0000,  ..., 1.0000, 1.0000, 1.0000],
        ...,
        [1.0000, 1.0000, 1.0000,  ..., 1.0000, 1.0000, 1.0000],
        [1.0000, 1.0000, 1.0000,  ..., 1.0000, 1.0000, 1.0000],
        [1.0000, 1.0000, 1.0000,  ..., 1.0000, 1.0000, 1.0000]],
       grad_fn=<ClampBackward1>)
xx torch.Size([64, 128])
tensor([[1.0000, 1.0000, 1.0000,  ..., 1.0000, 1.0000, 1.0000],
        [1.0000, 1.0000, 1.0000,  ..., 1.0000, 1.0000, 1.0000],
        [1.0000, 1.0000, 1.0000,  ..., 1.0000, 1.0000, 1.0000],
        ...,
        [1.0000, 1.0000, 1.0000,  ..., 1.0000, 1.0000, 1.0000],
        [1.0000, 1.0000, 1.0000,  ..., 1.0000, 1.0000, 1.0000],
        [1.0000, 1.0000, 1.0000,  ..., 1.0000, 1.0000, 1.0000]],
       grad_fn=<ClampBackward1>)
xx torch.Size([64, 128])
tensor([[1.0000, 1.0000, 1.0000,  ..., 1.0000, 1.0000, 1.0000],
        [1.0000, 1.0000, 1.0000,  ..., 1.0000, 1.0000, 1.0000],
        [1.0000, 1.0000, 1.0000,  ..., 1.0000, 1.0000, 1.0000],
        ...,
        [1.0000, 1.0000, 1.0000,  ..., 1.0000, 1.0000, 1.0000],
        [1.0000, 1.0000, 1.0000,  ..., 1.0000, 1.0000, 1.0000],
        [1.0000, 1.0000, 1.0000,  ..., 1.0000, 1.0000, 1.0000]],
       grad_fn=<ClampBackward1>)
xx torch.Size([64, 128])
tensor([[1.0000, 1.0000, 1.0000,  ..., 1.0000, 1.0000, 1.0000],
        [1.0000, 1.0000, 1.0000,  ..., 1.0000, 1.0000, 1.0000],
        [1.0000, 1.0000, 1.0000,  ..., 1.0000, 1.0000, 1.0000],
        ...,
        [1.0000, 1.0000, 1.0000,  ..., 1.0000, 1.0000, 1.0000],
        [1.0000, 1.0000, 1.0000,  ..., 1.0000, 1.0000, 1.0000],
        [1.0000, 1.0000, 1.0000,  ..., 1.0000, 1.0000, 1.0000]],
       grad_fn=<ClampBackward1>)
xx torch.Size([64, 128])
tensor([[1.0000, 1.0000, 1.0000,  ..., 1.0000, 1.0000, 1.0000],
        [1.0000, 1.0000, 1.0000,  ..., 1.0000, 1.0000, 1.0000],
        [1.0000, 1.0000, 1.0000,  ..., 1.0000, 1.0000, 1.0000],
        ...,
        [1.0000, 1.0000, 1.0000,  ..., 1.0000, 1.0000, 1.0000],
        [1.0000, 1.0000, 1.0000,  ..., 1.0000, 1.0000, 1.0000],
        [1.0000, 1.0000, 1.0000,  ..., 1.0000, 1.0000, 1.0000]],
       grad_fn=<ClampBackward1>)
xx torch.Size([64, 128])
tensor([[1.0000, 1.0000, 1.0000,  ..., 1.0000, 1.0000, 1.0000],
        [1.0000, 1.0000, 1.0000,  ..., 1.0000, 1.0000, 1.0000],
        [1.0000, 1.0000, 1.0000,  ..., 1.0000, 1.0000, 1.0000],
        ...,
        [1.0000, 1.0000, 1.0000,  ..., 1.0000, 1.0000, 1.0000],
        [1.0000, 1.0000, 1.0000,  ..., 1.0000, 1.0000, 1.0000],
        [1.0000, 1.0000, 1.0000,  ..., 1.0000, 1.0000, 1.0000]],
       grad_fn=<ClampBackward1>)
xx torch.Size([64, 128])
tensor([[1.0000, 1.0000, 1.0000,  ..., 1.0000, 1.0000, 1.0000],
        [1.0000, 1.0000, 1.0000,  ..., 1.0000, 1.0000, 1.0000],
        [1.0000, 1.0000, 1.0000,  ..., 1.0000, 1.0000, 1.0000],
        ...,
        [1.0000, 1.0000, 1.0000,  ..., 1.0000, 1.0000, 1.0000],
        [1.0000, 1.0000, 1.0000,  ..., 1.0000, 1.0000, 1.0000],
        [1.0000, 1.0000, 1.0000,  ..., 1.0000, 1.0000, 1.0000]],
       grad_fn=<ClampBackward1>)
xx torch.Size([64, 128])
tensor([[1.0000, 1.0000, 1.0000,  ..., 1.0000, 1.0000, 1.0000],
        [1.0000, 1.0000, 1.0000,  ..., 1.0000, 1.0000, 1.0000],
        [1.0000, 1.0000, 1.0000,  ..., 1.0000, 1.0000, 1.0000],
        ...,
        [1.0000, 1.0000, 1.0000,  ..., 1.0000, 1.0000, 1.0000],
        [1.0000, 1.0000, 1.0000,  ..., 1.0000, 1.0000, 1.0000],
        [1.0000, 1.0000, 1.0000,  ..., 1.0000, 1.0000, 1.0000]],
       grad_fn=<ClampBackward1>)
xx torch.Size([64, 128])
tensor([[1.0000, 1.0000, 1.0000,  ..., 1.0000, 1.0000, 1.0000],
        [1.0000, 1.0000, 1.0000,  ..., 1.0000, 1.0000, 1.0000],
        [1.0000, 1.0000, 1.0000,  ..., 1.0000, 1.0000, 1.0000],
        ...,
        [1.0000, 1.0000, 1.0000,  ..., 1.0000, 1.0000, 1.0000],
        [1.0000, 1.0000, 1.0000,  ..., 1.0000, 1.0000, 1.0000],
        [1.0000, 1.0000, 1.0000,  ..., 1.0000, 1.0000, 1.0000]],
       grad_fn=<ClampBackward1>)
xx torch.Size([64, 128])
tensor([[1.0000, 1.0000, 1.0000,  ..., 1.0000, 1.0000, 1.0000],
        [1.0000, 1.0000, 1.0000,  ..., 1.0000, 1.0000, 1.0000],
        [1.0000, 1.0000, 1.0000,  ..., 1.0000, 1.0000, 1.0000],
        ...,
        [1.0000, 1.0000, 1.0000,  ..., 1.0000, 1.0000, 1.0000],
        [1.0000, 1.0000, 1.0000,  ..., 1.0000, 1.0000, 1.0000],
        [1.0000, 1.0000, 1.0000,  ..., 1.0000, 1.0000, 1.0000]],
       grad_fn=<ClampBackward1>)
xx torch.Size([64, 128])
tensor([[1.0000, 1.0000, 1.0000,  ..., 1.0000, 1.0000, 1.0000],
        [1.0000, 1.0000, 1.0000,  ..., 1.0000, 1.0000, 1.0000],
        [1.0000, 1.0000, 1.0000,  ..., 1.0000, 1.0000, 1.0000],
        ...,
        [1.0000, 1.0000, 1.0000,  ..., 1.0000, 1.0000, 1.0000],
        [1.0000, 1.0000, 1.0000,  ..., 1.0000, 1.0000, 1.0000],
        [1.0000, 1.0000, 1.0000,  ..., 1.0000, 1.0000, 1.0000]],
       grad_fn=<ClampBackward1>)
xx torch.Size([64, 128])
tensor([[1.0000, 1.0000, 1.0000,  ..., 1.0000, 1.0000, 1.0000],
        [1.0000, 1.0000, 1.0000,  ..., 1.0000, 1.0000, 1.0000],
        [1.0000, 1.0000, 1.0000,  ..., 1.0000, 1.0000, 1.0000],
        ...,
        [1.0000, 1.0000, 1.0000,  ..., 1.0000, 1.0000, 1.0000],
        [1.0000, 1.0000, 1.0000,  ..., 1.0000, 1.0000, 1.0000],
        [1.0000, 1.0000, 1.0000,  ..., 1.0000, 1.0000, 1.0000]],
       grad_fn=<ClampBackward1>)
xx torch.Size([64, 128])
tensor([[1.0000, 1.0000, 1.0000,  ..., 1.0000, 1.0000, 1.0000],
        [1.0000, 1.0000, 1.0000,  ..., 1.0000, 1.0000, 1.0000],
        [1.0000, 1.0000, 1.0000,  ..., 1.0000, 1.0000, 1.0000],
        ...,
        [1.0000, 1.0000, 1.0000,  ..., 1.0000, 1.0000, 1.0000],
        [1.0000, 1.0000, 1.0000,  ..., 1.0000, 1.0000, 1.0000],
        [1.0000, 1.0000, 1.0000,  ..., 1.0000, 1.0000, 1.0000]],
       grad_fn=<ClampBackward1>)
xx torch.Size([64, 128])
tensor([[1.0000, 1.0000, 1.0000,  ..., 1.0000, 1.0000, 1.0000],
        [1.0000, 1.0000, 1.0000,  ..., 1.0000, 1.0000, 1.0000],
        [1.0000, 1.0000, 1.0000,  ..., 1.0000, 1.0000, 1.0000],
        ...,
        [1.0000, 1.0000, 1.0000,  ..., 1.0000, 1.0000, 1.0000],
        [1.0000, 1.0000, 1.0000,  ..., 1.0000, 1.0000, 1.0000],
        [1.0000, 1.0000, 1.0000,  ..., 1.0000, 1.0000, 1.0000]],
       grad_fn=<ClampBackward1>)
xx torch.Size([64, 128])
tensor([[1.0000, 1.0000, 1.0000,  ..., 1.0000, 1.0000, 1.0000],
        [1.0000, 1.0000, 1.0000,  ..., 1.0000, 1.0000, 1.0000],
        [1.0000, 1.0000, 1.0000,  ..., 1.0000, 1.0000, 1.0000],
        ...,
        [1.0000, 1.0000, 1.0000,  ..., 1.0000, 1.0000, 1.0000],
        [1.0000, 1.0000, 1.0000,  ..., 1.0000, 1.0000, 1.0000],
        [1.0000, 1.0000, 1.0000,  ..., 1.0000, 1.0000, 1.0000]],
       grad_fn=<ClampBackward1>)
xx torch.Size([64, 128])
tensor([[1.0000, 1.0000, 1.0000,  ..., 1.0000, 1.0000, 1.0000],
        [1.0000, 1.0000, 1.0000,  ..., 1.0000, 1.0000, 1.0000],
        [1.0000, 1.0000, 1.0000,  ..., 1.0000, 1.0000, 1.0000],
        ...,
        [1.0000, 1.0000, 1.0000,  ..., 1.0000, 1.0000, 1.0000],
        [1.0000, 1.0000, 1.0000,  ..., 1.0000, 1.0000, 1.0000],
        [1.0000, 1.0000, 1.0000,  ..., 1.0000, 1.0000, 1.0000]],
       grad_fn=<ClampBackward1>)
xx torch.Size([64, 128])
tensor([[1.0000, 1.0000, 1.0000,  ..., 1.0000, 1.0000, 1.0000],
        [1.0000, 1.0000, 1.0000,  ..., 1.0000, 1.0000, 1.0000],
        [1.0000, 1.0000, 1.0000,  ..., 1.0000, 1.0000, 1.0000],
        ...,
        [1.0000, 1.0000, 1.0000,  ..., 1.0000, 1.0000, 1.0000],
        [1.0000, 1.0000, 1.0000,  ..., 1.0000, 1.0000, 1.0000],
        [1.0000, 1.0000, 1.0000,  ..., 1.0000, 1.0000, 1.0000]],
       grad_fn=<ClampBackward1>)
xx torch.Size([64, 128])
tensor([[1.0000, 1.0000, 1.0000,  ..., 1.0000, 1.0000, 1.0000],
        [1.0000, 1.0000, 1.0000,  ..., 1.0000, 1.0000, 1.0000],
        [1.0000, 1.0000, 1.0000,  ..., 1.0000, 1.0000, 1.0000],
        ...,
        [1.0000, 1.0000, 1.0000,  ..., 1.0000, 1.0000, 1.0000],
        [1.0000, 1.0000, 1.0000,  ..., 1.0000, 1.0000, 1.0000],
        [1.0000, 1.0000, 1.0000,  ..., 1.0000, 1.0000, 1.0000]],
       grad_fn=<ClampBackward1>)
xx torch.Size([64, 128])
tensor([[1.0000, 1.0000, 1.0000,  ..., 1.0000, 1.0000, 1.0000],
        [1.0000, 1.0000, 1.0000,  ..., 1.0000, 1.0000, 1.0000],
        [1.0000, 1.0000, 1.0000,  ..., 1.0000, 1.0000, 1.0000],
        ...,
        [1.0000, 1.0000, 1.0000,  ..., 1.0000, 1.0000, 1.0000],
        [1.0000, 1.0000, 1.0000,  ..., 1.0000, 1.0000, 1.0000],
        [1.0000, 1.0000, 1.0000,  ..., 1.0000, 1.0000, 1.0000]],
       grad_fn=<ClampBackward1>)
xx torch.Size([64, 128])
tensor([[1.0000, 1.0000, 1.0000,  ..., 1.0000, 1.0000, 1.0000],
        [1.0000, 1.0000, 1.0000,  ..., 1.0000, 1.0000, 1.0000],
        [1.0000, 1.0000, 1.0000,  ..., 1.0000, 1.0000, 1.0000],
        ...,
        [1.0000, 1.0000, 1.0000,  ..., 1.0000, 1.0000, 1.0000],
        [1.0000, 1.0000, 1.0000,  ..., 1.0000, 1.0000, 1.0000],
        [1.0000, 1.0000, 1.0000,  ..., 1.0000, 1.0000, 1.0000]],
       grad_fn=<ClampBackward1>)
xx torch.Size([64, 128])
tensor([[1.0000, 1.0000, 1.0000,  ..., 1.0000, 1.0000, 1.0000],
        [1.0000, 1.0000, 1.0000,  ..., 1.0000, 1.0000, 1.0000],
        [1.0000, 1.0000, 1.0000,  ..., 1.0000, 1.0000, 1.0000],
        ...,
        [1.0000, 1.0000, 1.0000,  ..., 1.0000, 1.0000, 1.0000],
        [1.0000, 1.0000, 1.0000,  ..., 1.0000, 1.0000, 1.0000],
        [1.0000, 1.0000, 1.0000,  ..., 1.0000, 1.0000, 1.0000]],
       grad_fn=<ClampBackward1>)
xx torch.Size([64, 128])
tensor([[1.0000, 1.0000, 1.0000,  ..., 1.0000, 1.0000, 1.0000],
        [1.0000, 1.0000, 1.0000,  ..., 1.0000, 1.0000, 1.0000],
        [1.0000, 1.0000, 1.0000,  ..., 1.0000, 1.0000, 1.0000],
        ...,
        [1.0000, 1.0000, 1.0000,  ..., 1.0000, 1.0000, 1.0000],
        [1.0000, 1.0000, 1.0000,  ..., 1.0000, 1.0000, 1.0000],
        [1.0000, 1.0000, 1.0000,  ..., 1.0000, 1.0000, 1.0000]],
       grad_fn=<ClampBackward1>)
xx torch.Size([64, 128])
tensor([[1.0000, 1.0000, 1.0000,  ..., 1.0000, 1.0000, 1.0000],
        [1.0000, 1.0000, 1.0000,  ..., 1.0000, 1.0000, 1.0000],
        [1.0000, 1.0000, 1.0000,  ..., 1.0000, 1.0000, 1.0000],
        ...,
        [1.0000, 1.0000, 1.0000,  ..., 1.0000, 1.0000, 1.0000],
        [1.0000, 1.0000, 1.0000,  ..., 1.0000, 1.0000, 1.0000],
        [1.0000, 1.0000, 1.0000,  ..., 1.0000, 1.0000, 1.0000]],
       grad_fn=<ClampBackward1>)
xx torch.Size([64, 128])
tensor([[1.0000, 1.0000, 1.0000,  ..., 1.0000, 1.0000, 1.0000],
        [1.0000, 1.0000, 1.0000,  ..., 1.0000, 1.0000, 1.0000],
        [1.0000, 1.0000, 1.0000,  ..., 1.0000, 1.0000, 1.0000],
        ...,
        [1.0000, 1.0000, 1.0000,  ..., 1.0000, 1.0000, 1.0000],
        [1.0000, 1.0000, 1.0000,  ..., 1.0000, 1.0000, 1.0000],
        [1.0000, 1.0000, 1.0000,  ..., 1.0000, 1.0000, 1.0000]],
       grad_fn=<ClampBackward1>)
xx torch.Size([64, 128])
tensor([[1.0000, 1.0000, 1.0000,  ..., 1.0000, 1.0000, 1.0000],
        [1.0000, 1.0000, 1.0000,  ..., 1.0000, 1.0000, 1.0000],
        [1.0000, 1.0000, 1.0000,  ..., 1.0000, 1.0000, 1.0000],
        ...,
        [1.0000, 1.0000, 1.0000,  ..., 1.0000, 1.0000, 1.0000],
        [1.0000, 1.0000, 1.0000,  ..., 1.0000, 1.0000, 1.0000],
        [1.0000, 1.0000, 1.0000,  ..., 1.0000, 1.0000, 1.0000]],
       grad_fn=<ClampBackward1>)
xx torch.Size([64, 128])
tensor([[1.0000, 1.0000, 1.0000,  ..., 1.0000, 1.0000, 1.0000],
        [1.0000, 1.0000, 1.0000,  ..., 1.0000, 1.0000, 1.0000],
        [1.0000, 1.0000, 1.0000,  ..., 1.0000, 1.0000, 1.0000],
        ...,
        [1.0000, 1.0000, 1.0000,  ..., 1.0000, 1.0000, 1.0000],
        [1.0000, 1.0000, 1.0000,  ..., 1.0000, 1.0000, 1.0000],
        [1.0000, 1.0000, 1.0000,  ..., 1.0000, 1.0000, 1.0000]],
       grad_fn=<ClampBackward1>)
xx torch.Size([64, 128])
tensor([[1.0000, 1.0000, 1.0000,  ..., 1.0000, 1.0000, 1.0000],
        [1.0000, 1.0000, 1.0000,  ..., 1.0000, 1.0000, 1.0000],
        [1.0000, 1.0000, 1.0000,  ..., 1.0000, 1.0000, 1.0000],
        ...,
        [1.0000, 1.0000, 1.0000,  ..., 1.0000, 1.0000, 1.0000],
        [1.0000, 1.0000, 1.0000,  ..., 1.0000, 1.0000, 1.0000],
        [1.0000, 1.0000, 1.0000,  ..., 1.0000, 1.0000, 1.0000]],
       grad_fn=<ClampBackward1>)
xx torch.Size([64, 128])
tensor([[1.0000, 1.0000, 1.0000,  ..., 1.0000, 1.0000, 1.0000],
        [1.0000, 1.0000, 1.0000,  ..., 1.0000, 1.0000, 1.0000],
        [1.0000, 1.0000, 1.0000,  ..., 1.0000, 1.0000, 1.0000],
        ...,
        [1.0000, 1.0000, 1.0000,  ..., 1.0000, 1.0000, 1.0000],
        [1.0000, 1.0000, 1.0000,  ..., 1.0000, 1.0000, 1.0000],
        [1.0000, 1.0000, 1.0000,  ..., 1.0000, 1.0000, 1.0000]],
       grad_fn=<ClampBackward1>)
xx torch.Size([64, 128])
tensor([[1.0000, 1.0000, 1.0000,  ..., 1.0000, 1.0000, 1.0000],
        [1.0000, 1.0000, 1.0000,  ..., 1.0000, 1.0000, 1.0000],
        [1.0000, 1.0000, 1.0000,  ..., 1.0000, 1.0000, 1.0000],
        ...,
        [1.0000, 1.0000, 1.0000,  ..., 1.0000, 1.0000, 1.0000],
        [1.0000, 1.0000, 1.0000,  ..., 1.0000, 1.0000, 1.0000],
        [1.0000, 1.0000, 1.0000,  ..., 1.0000, 1.0000, 1.0000]],
       grad_fn=<ClampBackward1>)
xx torch.Size([64, 128])
tensor([[1.0000, 1.0000, 1.0000,  ..., 1.0000, 1.0000, 1.0000],
        [1.0000, 1.0000, 1.0000,  ..., 1.0000, 1.0000, 1.0000],
        [1.0000, 1.0000, 1.0000,  ..., 1.0000, 1.0000, 1.0000],
        ...,
        [1.0000, 1.0000, 1.0000,  ..., 1.0000, 1.0000, 1.0000],
        [1.0000, 1.0000, 1.0000,  ..., 1.0000, 1.0000, 1.0000],
        [1.0000, 1.0000, 1.0000,  ..., 1.0000, 1.0000, 1.0000]],
       grad_fn=<ClampBackward1>)
xx torch.Size([64, 128])
tensor([[1.0000, 1.0000, 1.0000,  ..., 1.0000, 1.0000, 1.0000],
        [1.0000, 1.0000, 1.0000,  ..., 1.0000, 1.0000, 1.0000],
        [1.0000, 1.0000, 1.0000,  ..., 1.0000, 1.0000, 1.0000],
        ...,
        [1.0000, 1.0000, 1.0000,  ..., 1.0000, 1.0000, 1.0000],
        [1.0000, 1.0000, 1.0000,  ..., 1.0000, 1.0000, 1.0000],
        [1.0000, 1.0000, 1.0000,  ..., 1.0000, 1.0000, 1.0000]],
       grad_fn=<ClampBackward1>)
xx torch.Size([64, 128])
tensor([[1.0000, 1.0000, 1.0000,  ..., 1.0000, 1.0000, 1.0000],
        [1.0000, 1.0000, 1.0000,  ..., 1.0000, 1.0000, 1.0000],
        [1.0000, 1.0000, 1.0000,  ..., 1.0000, 1.0000, 1.0000],
        ...,
        [1.0000, 1.0000, 1.0000,  ..., 1.0000, 1.0000, 1.0000],
        [1.0000, 1.0000, 1.0000,  ..., 1.0000, 1.0000, 1.0000],
        [1.0000, 1.0000, 1.0000,  ..., 1.0000, 1.0000, 1.0000]],
       grad_fn=<ClampBackward1>)
xx torch.Size([64, 128])
tensor([[1.0000, 1.0000, 1.0000,  ..., 1.0000, 1.0000, 1.0000],
        [1.0000, 1.0000, 1.0000,  ..., 1.0000, 1.0000, 1.0000],
        [1.0000, 1.0000, 1.0000,  ..., 1.0000, 1.0000, 1.0000],
        ...,
        [1.0000, 1.0000, 1.0000,  ..., 1.0000, 1.0000, 1.0000],
        [1.0000, 1.0000, 1.0000,  ..., 1.0000, 1.0000, 1.0000],
        [1.0000, 1.0000, 1.0000,  ..., 1.0000, 1.0000, 1.0000]],
       grad_fn=<ClampBackward1>)
xx torch.Size([64, 128])
tensor([[1.0000, 1.0000, 1.0000,  ..., 1.0000, 1.0000, 1.0000],
        [1.0000, 1.0000, 1.0000,  ..., 1.0000, 1.0000, 1.0000],
        [1.0000, 1.0000, 1.0000,  ..., 1.0000, 1.0000, 1.0000],
        ...,
        [1.0000, 1.0000, 1.0000,  ..., 1.0000, 1.0000, 1.0000],
        [1.0000, 1.0000, 1.0000,  ..., 1.0000, 1.0000, 1.0000],
        [1.0000, 1.0000, 1.0000,  ..., 1.0000, 1.0000, 1.0000]],
       grad_fn=<ClampBackward1>)
xx torch.Size([64, 128])
tensor([[1.0000, 1.0000, 1.0000,  ..., 1.0000, 1.0000, 1.0000],
        [1.0000, 1.0000, 1.0000,  ..., 1.0000, 1.0000, 1.0000],
        [1.0000, 1.0000, 1.0000,  ..., 1.0000, 1.0000, 1.0000],
        ...,
        [1.0000, 1.0000, 1.0000,  ..., 1.0000, 1.0000, 1.0000],
        [1.0000, 1.0000, 1.0000,  ..., 1.0000, 1.0000, 1.0000],
        [1.0000, 1.0000, 1.0000,  ..., 1.0000, 1.0000, 1.0000]],
       grad_fn=<ClampBackward1>)
xx torch.Size([64, 128])
tensor([[1.0000, 1.0000, 1.0000,  ..., 1.0000, 1.0000, 1.0000],
        [1.0000, 1.0000, 1.0000,  ..., 1.0000, 1.0000, 1.0000],
        [1.0000, 1.0000, 1.0000,  ..., 1.0000, 1.0000, 1.0000],
        ...,
        [1.0000, 1.0000, 1.0000,  ..., 1.0000, 1.0000, 1.0000],
        [1.0000, 1.0000, 1.0000,  ..., 1.0000, 1.0000, 1.0000],
        [1.0000, 1.0000, 1.0000,  ..., 1.0000, 1.0000, 1.0000]],
       grad_fn=<ClampBackward1>)
xx torch.Size([64, 128])
tensor([[1.0000, 1.0000, 1.0000,  ..., 1.0000, 1.0000, 1.0000],
        [1.0000, 1.0000, 1.0000,  ..., 1.0000, 1.0000, 1.0000],
        [1.0000, 1.0000, 1.0000,  ..., 1.0000, 1.0000, 1.0000],
        ...,
        [1.0000, 1.0000, 1.0000,  ..., 1.0000, 1.0000, 1.0000],
        [1.0000, 1.0000, 1.0000,  ..., 1.0000, 1.0000, 1.0000],
        [1.0000, 1.0000, 1.0000,  ..., 1.0000, 1.0000, 1.0000]],
       grad_fn=<ClampBackward1>)
xx torch.Size([64, 128])
tensor([[1.0000, 1.0000, 1.0000,  ..., 1.0000, 1.0000, 1.0000],
        [1.0000, 1.0000, 1.0000,  ..., 1.0000, 1.0000, 1.0000],
        [1.0000, 1.0000, 1.0000,  ..., 1.0000, 1.0000, 1.0000],
        ...,
        [1.0000, 1.0000, 1.0000,  ..., 1.0000, 1.0000, 1.0000],
        [1.0000, 1.0000, 1.0000,  ..., 1.0000, 1.0000, 1.0000],
        [1.0000, 1.0000, 1.0000,  ..., 1.0000, 1.0000, 1.0000]],
       grad_fn=<ClampBackward1>)
xx torch.Size([64, 128])
tensor([[1.0000, 1.0000, 1.0000,  ..., 1.0000, 1.0000, 1.0000],
        [1.0000, 1.0000, 1.0000,  ..., 1.0000, 1.0000, 1.0000],
        [1.0000, 1.0000, 1.0000,  ..., 1.0000, 1.0000, 1.0000],
        ...,
        [1.0000, 1.0000, 1.0000,  ..., 1.0000, 1.0000, 1.0000],
        [1.0000, 1.0000, 1.0000,  ..., 1.0000, 1.0000, 1.0000],
        [1.0000, 1.0000, 1.0000,  ..., 1.0000, 1.0000, 1.0000]],
       grad_fn=<ClampBackward1>)
xx torch.Size([64, 128])
tensor([[1.0000, 1.0000, 1.0000,  ..., 1.0000, 1.0000, 1.0000],
        [1.0000, 1.0000, 1.0000,  ..., 1.0000, 1.0000, 1.0000],
        [1.0000, 1.0000, 1.0000,  ..., 1.0000, 1.0000, 1.0000],
        ...,
        [1.0000, 1.0000, 1.0000,  ..., 1.0000, 1.0000, 1.0000],
        [1.0000, 1.0000, 1.0000,  ..., 1.0000, 1.0000, 1.0000],
        [1.0000, 1.0000, 1.0000,  ..., 1.0000, 1.0000, 1.0000]],
       grad_fn=<ClampBackward1>)
xx torch.Size([64, 128])
tensor([[1.0000, 1.0000, 1.0000,  ..., 1.0000, 1.0000, 1.0000],
        [1.0000, 1.0000, 1.0000,  ..., 1.0000, 1.0000, 1.0000],
        [1.0000, 1.0000, 1.0000,  ..., 1.0000, 1.0000, 1.0000],
        ...,
        [1.0000, 1.0000, 1.0000,  ..., 1.0000, 1.0000, 1.0000],
        [1.0000, 1.0000, 1.0000,  ..., 1.0000, 1.0000, 1.0000],
        [1.0000, 1.0000, 1.0000,  ..., 1.0000, 1.0000, 1.0000]],
       grad_fn=<ClampBackward1>)
xx torch.Size([64, 128])
tensor([[1.0000, 1.0000, 1.0000,  ..., 1.0000, 1.0000, 1.0000],
        [1.0000, 1.0000, 1.0000,  ..., 1.0000, 1.0000, 1.0000],
        [1.0000, 1.0000, 1.0000,  ..., 1.0000, 1.0000, 1.0000],
        ...,
        [1.0000, 1.0000, 1.0000,  ..., 1.0000, 1.0000, 1.0000],
        [1.0000, 1.0000, 1.0000,  ..., 1.0000, 1.0000, 1.0000],
        [1.0000, 1.0000, 1.0000,  ..., 1.0000, 1.0000, 1.0000]],
       grad_fn=<ClampBackward1>)
xx torch.Size([64, 128])
tensor([[1.0000, 1.0000, 1.0000,  ..., 1.0000, 1.0000, 1.0000],
        [1.0000, 1.0000, 1.0000,  ..., 1.0000, 1.0000, 1.0000],
        [1.0000, 1.0000, 1.0000,  ..., 1.0000, 1.0000, 1.0000],
        ...,
        [1.0000, 1.0000, 1.0000,  ..., 1.0000, 1.0000, 1.0000],
        [1.0000, 1.0000, 1.0000,  ..., 1.0000, 1.0000, 1.0000],
        [1.0000, 1.0000, 1.0000,  ..., 1.0000, 1.0000, 1.0000]],
       grad_fn=<ClampBackward1>)
xx torch.Size([64, 128])
tensor([[1.0000, 1.0000, 1.0000,  ..., 1.0000, 1.0000, 1.0000],
        [1.0000, 1.0000, 1.0000,  ..., 1.0000, 1.0000, 1.0000],
        [1.0000, 1.0000, 1.0000,  ..., 1.0000, 1.0000, 1.0000],
        ...,
        [1.0000, 1.0000, 1.0000,  ..., 1.0000, 1.0000, 1.0000],
        [1.0000, 1.0000, 1.0000,  ..., 1.0000, 1.0000, 1.0000],
        [1.0000, 1.0000, 1.0000,  ..., 1.0000, 1.0000, 1.0000]],
       grad_fn=<ClampBackward1>)
xx torch.Size([64, 128])
tensor([[1.0000, 1.0000, 1.0000,  ..., 1.0000, 1.0000, 1.0000],
        [1.0000, 1.0000, 1.0000,  ..., 1.0000, 1.0000, 1.0000],
        [1.0000, 1.0000, 1.0000,  ..., 1.0000, 1.0000, 1.0000],
        ...,
        [1.0000, 1.0000, 1.0000,  ..., 1.0000, 1.0000, 1.0000],
        [1.0000, 1.0000, 1.0000,  ..., 1.0000, 1.0000, 1.0000],
        [1.0000, 1.0000, 1.0000,  ..., 1.0000, 1.0000, 1.0000]],
       grad_fn=<ClampBackward1>)
xx torch.Size([64, 128])
tensor([[1.0000, 1.0000, 1.0000,  ..., 1.0000, 1.0000, 1.0000],
        [1.0000, 1.0000, 1.0000,  ..., 1.0000, 1.0000, 1.0000],
        [1.0000, 1.0000, 1.0000,  ..., 1.0000, 1.0000, 1.0000],
        ...,
        [1.0000, 1.0000, 1.0000,  ..., 1.0000, 1.0000, 1.0000],
        [1.0000, 1.0000, 1.0000,  ..., 1.0000, 1.0000, 1.0000],
        [1.0000, 1.0000, 1.0000,  ..., 1.0000, 1.0000, 1.0000]],
       grad_fn=<ClampBackward1>)
xx torch.Size([36, 128])
tensor([[1.0000, 1.0000, 1.0000,  ..., 1.0000, 1.0000, 1.0000],
        [1.0000, 1.0000, 1.0000,  ..., 1.0000, 1.0000, 1.0000],
        [1.0000, 1.0000, 1.0000,  ..., 1.0000, 1.0000, 1.0000],
        ...,
        [1.0000, 1.0000, 1.0000,  ..., 1.0000, 1.0000, 1.0000],
        [1.0000, 1.0000, 1.0000,  ..., 1.0000, 1.0000, 1.0000],
        [1.0000, 1.0000, 1.0000,  ..., 1.0000, 1.0000, 1.0000]],
       grad_fn=<ClampBackward1>)
